\BOOKMARK [0][-]{part.1}{\376\377\000I\000\040\000Z\000a\000d\000a\000n\000i\000a}{}% 1
\BOOKMARK [1][-]{section.1.1}{\376\377\000T\000o\000p\000o\000l\000o\000g\000i\000a\000\040\000s\000i\000e\000c\000i}{part.1}% 2
\BOOKMARK [2][-]{subsection.1.1.1}{\376\377\000Z\000a\000d\000a\000n\000i\000e}{section.1.1}% 3
\BOOKMARK [3][-]{subsubsection.1.1.1.1}{\376\377\000T\000r\000e\001\133\001\007}{subsection.1.1.1}% 4
\BOOKMARK [3][-]{subsubsection.1.1.1.2}{\376\377\000O\000d\000p\000o\000w\000i\000e\000d\001\172}{subsection.1.1.1}% 5
\BOOKMARK [2][-]{subsection.1.1.2}{\376\377\000Z\000a\000d\000a\000n\000i\000e}{section.1.1}% 6
\BOOKMARK [3][-]{subsubsection.1.1.2.1}{\376\377\000T\000r\000e\001\133\001\007}{subsection.1.1.2}% 7
\BOOKMARK [3][-]{subsubsection.1.1.2.2}{\376\377\000O\000d\000p\000o\000w\000i\000e\000d\001\172}{subsection.1.1.2}% 8
\BOOKMARK [1][-]{section.1.2}{\376\377\000E\000t\000h\000e\000r\000n\000e\000t}{part.1}% 9
\BOOKMARK [2][-]{subsection.1.2.1}{\376\377\000Z\000a\000d\000a\000n\000i\000e}{section.1.2}% 10
\BOOKMARK [3][-]{subsubsection.1.2.1.1}{\376\377\000T\000r\000e\001\133\001\007}{subsection.1.2.1}% 11
\BOOKMARK [3][-]{subsubsection.1.2.1.2}{\376\377\000O\000d\000p\000o\000w\000i\000e\000d\001\172}{subsection.1.2.1}% 12
\BOOKMARK [2][-]{subsection.1.2.2}{\376\377\000Z\000a\000d\000a\000n\000i\000e}{section.1.2}% 13
\BOOKMARK [3][-]{subsubsection.1.2.2.1}{\376\377\000T\000r\000e\001\133\001\007}{subsection.1.2.2}% 14
\BOOKMARK [3][-]{subsubsection.1.2.2.2}{\376\377\000O\000d\000p\000o\000w\000i\000e\000d\001\172}{subsection.1.2.2}% 15
\BOOKMARK [2][-]{subsection.1.2.3}{\376\377\000Z\000a\000d\000a\000n\000i\000e}{section.1.2}% 16
\BOOKMARK [3][-]{subsubsection.1.2.3.1}{\376\377\000T\000r\000e\001\133\001\007}{subsection.1.2.3}% 17
\BOOKMARK [3][-]{subsubsection.1.2.3.2}{\376\377\000O\000d\000p\000o\000w\000i\000e\000d\001\172}{subsection.1.2.3}% 18
\BOOKMARK [2][-]{subsection.1.2.4}{\376\377\000Z\000a\000d\000a\000n\000i\000e}{section.1.2}% 19
\BOOKMARK [3][-]{subsubsection.1.2.4.1}{\376\377\000T\000r\000e\001\133\001\007}{subsection.1.2.4}% 20
\BOOKMARK [3][-]{subsubsection.1.2.4.2}{\376\377\000O\000d\000p\000o\000w\000i\000e\000d\001\172}{subsection.1.2.4}% 21
\BOOKMARK [1][-]{section.1.3}{\376\377\000T\000C\000P\000\040\000/\000\040\000I\000P}{part.1}% 22
\BOOKMARK [2][-]{subsection.1.3.1}{\376\377\000Z\000a\000d\000a\000n\000i\000e}{section.1.3}% 23
\BOOKMARK [3][-]{subsubsection.1.3.1.1}{\376\377\000T\000r\000e\001\133\001\007}{subsection.1.3.1}% 24
\BOOKMARK [3][-]{subsubsection.1.3.1.2}{\376\377\000O\000d\000p\000o\000w\000i\000e\000d\001\172}{subsection.1.3.1}% 25
\BOOKMARK [1][-]{section.1.4}{\376\377\000R\000o\000u\000t\000i\000n\000g}{part.1}% 26
\BOOKMARK [2][-]{subsection.1.4.1}{\376\377\000Z\000a\000d\000a\000n\000i\000e}{section.1.4}% 27
\BOOKMARK [3][-]{subsubsection.1.4.1.1}{\376\377\000T\000r\000e\001\133\001\007}{subsection.1.4.1}% 28
\BOOKMARK [3][-]{subsubsection.1.4.1.2}{\376\377\000O\000d\000p\000o\000w\000i\000e\000d\001\172}{subsection.1.4.1}% 29
\BOOKMARK [2][-]{subsection.1.4.2}{\376\377\000Z\000a\000d\000a\000n\000i\000e}{section.1.4}% 30
\BOOKMARK [3][-]{subsubsection.1.4.2.1}{\376\377\000T\000r\000e\001\133\001\007}{subsection.1.4.2}% 31
\BOOKMARK [3][-]{subsubsection.1.4.2.2}{\376\377\000O\000d\000p\000o\000w\000i\000e\000d\001\172}{subsection.1.4.2}% 32
\BOOKMARK [2][-]{subsection.1.4.3}{\376\377\000Z\000a\000d\000a\000n\000i\000e}{section.1.4}% 33
\BOOKMARK [3][-]{subsubsection.1.4.3.1}{\376\377\000T\000r\000e\001\133\001\007}{subsection.1.4.3}% 34
\BOOKMARK [3][-]{subsubsection.1.4.3.2}{\376\377\000O\000d\000p\000o\000w\000i\000e\000d\001\172}{subsection.1.4.3}% 35
\BOOKMARK [2][-]{subsection.1.4.4}{\376\377\000Z\000a\000d\000a\000n\000i\000e}{section.1.4}% 36
\BOOKMARK [3][-]{subsubsection.1.4.4.1}{\376\377\000T\000r\000e\001\133\001\007}{subsection.1.4.4}% 37
\BOOKMARK [3][-]{subsubsection.1.4.4.2}{\376\377\000O\000d\000p\000o\000w\000i\000e\000d\001\172}{subsection.1.4.4}% 38
\BOOKMARK [2][-]{subsection.1.4.5}{\376\377\000Z\000a\000d\000a\000n\000i\000e}{section.1.4}% 39
\BOOKMARK [3][-]{subsubsection.1.4.5.1}{\376\377\000T\000r\000e\001\133\001\007}{subsection.1.4.5}% 40
\BOOKMARK [3][-]{subsubsection.1.4.5.2}{\376\377\000O\000d\000p\000o\000w\000i\000e\000d\001\172}{subsection.1.4.5}% 41
\BOOKMARK [1][-]{section.1.5}{\376\377\000T\000r\000a\000n\000s\000m\000i\000s\000j\000a\000\040\000d\000a\000n\000y\000c\000h}{part.1}% 42
\BOOKMARK [2][-]{subsection.1.5.1}{\376\377\000Z\000a\000d\000a\000n\000i\000e}{section.1.5}% 43
\BOOKMARK [3][-]{subsubsection.1.5.1.1}{\376\377\000T\000r\000e\001\133\001\007}{subsection.1.5.1}% 44
\BOOKMARK [3][-]{subsubsection.1.5.1.2}{\376\377\000O\000d\000p\000o\000w\000i\000e\000d\001\172}{subsection.1.5.1}% 45
\BOOKMARK [2][-]{subsection.1.5.2}{\376\377\000Z\000a\000d\000a\000n\000i\000e}{section.1.5}% 46
\BOOKMARK [3][-]{subsubsection.1.5.2.1}{\376\377\000T\000r\000e\001\133\001\007}{subsection.1.5.2}% 47
\BOOKMARK [3][-]{subsubsection.1.5.2.2}{\376\377\000O\000d\000p\000o\000w\000i\000e\000d\001\172}{subsection.1.5.2}% 48
\BOOKMARK [2][-]{subsection.1.5.3}{\376\377\000Z\000a\000d\000a\000n\000i\000e}{section.1.5}% 49
\BOOKMARK [3][-]{subsubsection.1.5.3.1}{\376\377\000T\000r\000e\001\133\001\007}{subsection.1.5.3}% 50
\BOOKMARK [3][-]{subsubsection.1.5.3.2}{\376\377\000O\000d\000p\000o\000w\000i\000e\000d\001\172}{subsection.1.5.3}% 51
\BOOKMARK [2][-]{subsection.1.5.4}{\376\377\000Z\000a\000d\000a\000n\000i\000e}{section.1.5}% 52
\BOOKMARK [3][-]{subsubsection.1.5.4.1}{\376\377\000T\000r\000e\001\133\001\007}{subsection.1.5.4}% 53
\BOOKMARK [3][-]{subsubsection.1.5.4.2}{\376\377\000O\000d\000p\000o\000w\000i\000e\000d\001\172}{subsection.1.5.4}% 54
\BOOKMARK [2][-]{subsection.1.5.5}{\376\377\000Z\000a\000d\000a\000n\000i\000e}{section.1.5}% 55
\BOOKMARK [3][-]{subsubsection.1.5.5.1}{\376\377\000T\000r\000e\001\133\001\007}{subsection.1.5.5}% 56
\BOOKMARK [3][-]{subsubsection.1.5.5.2}{\376\377\000O\000d\000p\000o\000w\000i\000e\000d\001\172}{subsection.1.5.5}% 57
\BOOKMARK [2][-]{subsection.1.5.6}{\376\377\000Z\000a\000d\000a\000n\000i\000e}{section.1.5}% 58
\BOOKMARK [3][-]{subsubsection.1.5.6.1}{\376\377\000T\000r\000e\001\133\001\007}{subsection.1.5.6}% 59
\BOOKMARK [3][-]{subsubsection.1.5.6.2}{\376\377\000O\000d\000p\000o\000w\000i\000e\000d\001\172}{subsection.1.5.6}% 60
\BOOKMARK [2][-]{subsection.1.5.7}{\376\377\000Z\000a\000d\000a\000n\000i\000e}{section.1.5}% 61
\BOOKMARK [3][-]{subsubsection.1.5.7.1}{\376\377\000T\000r\000e\001\133\001\007}{subsection.1.5.7}% 62
\BOOKMARK [3][-]{subsubsection.1.5.7.2}{\376\377\000O\000d\000p\000o\000w\000i\000e\000d\001\172}{subsection.1.5.7}% 63
\BOOKMARK [2][-]{subsection.1.5.8}{\376\377\000Z\000a\000d\000a\000n\000i\000e}{section.1.5}% 64
\BOOKMARK [3][-]{subsubsection.1.5.8.1}{\376\377\000T\000r\000e\001\133\001\007}{subsection.1.5.8}% 65
\BOOKMARK [3][-]{subsubsection.1.5.8.2}{\376\377\000O\000d\000p\000o\000w\000i\000e\000d\001\172}{subsection.1.5.8}% 66
\BOOKMARK [2][-]{subsection.1.5.9}{\376\377\000Z\000a\000d\000a\000n\000i\000e}{section.1.5}% 67
\BOOKMARK [3][-]{subsubsection.1.5.9.1}{\376\377\000T\000r\000e\001\133\001\007}{subsection.1.5.9}% 68
\BOOKMARK [3][-]{subsubsection.1.5.9.2}{\376\377\000O\000d\000p\000o\000w\000i\000e\000d\001\172}{subsection.1.5.9}% 69
\BOOKMARK [1][-]{section.1.6}{\376\377\000A\000d\000r\000e\000s\000a\000c\000j\000a}{part.1}% 70
\BOOKMARK [2][-]{subsection.1.6.1}{\376\377\000Z\000a\000d\000a\000n\000i\000e}{section.1.6}% 71
\BOOKMARK [3][-]{subsubsection.1.6.1.1}{\376\377\000T\000r\000e\001\133\001\007}{subsection.1.6.1}% 72
\BOOKMARK [3][-]{subsubsection.1.6.1.2}{\376\377\000O\000d\000p\000o\000w\000i\000e\000d\001\172}{subsection.1.6.1}% 73
\BOOKMARK [2][-]{subsection.1.6.2}{\376\377\000Z\000a\000d\000a\000n\000i\000e}{section.1.6}% 74
\BOOKMARK [3][-]{subsubsection.1.6.2.1}{\376\377\000T\000r\000e\001\133\001\007}{subsection.1.6.2}% 75
\BOOKMARK [3][-]{subsubsection.1.6.2.2}{\376\377\000O\000d\000p\000o\000w\000i\000e\000d\001\172}{subsection.1.6.2}% 76
\BOOKMARK [2][-]{subsection.1.6.3}{\376\377\000Z\000a\000d\000a\000n\000i\000e}{section.1.6}% 77
\BOOKMARK [3][-]{subsubsection.1.6.3.1}{\376\377\000T\000r\000e\001\133\001\007}{subsection.1.6.3}% 78
\BOOKMARK [3][-]{subsubsection.1.6.3.2}{\376\377\000O\000d\000p\000o\000w\000i\000e\000d\001\172}{subsection.1.6.3}% 79
\BOOKMARK [2][-]{subsection.1.6.4}{\376\377\000Z\000a\000d\000a\000n\000i\000e}{section.1.6}% 80
\BOOKMARK [3][-]{subsubsection.1.6.4.1}{\376\377\000T\000r\000e\001\133\001\007}{subsection.1.6.4}% 81
\BOOKMARK [3][-]{subsubsection.1.6.4.2}{\376\377\000O\000d\000p\000o\000w\000i\000e\000d\001\172}{subsection.1.6.4}% 82
\BOOKMARK [2][-]{subsection.1.6.5}{\376\377\000Z\000a\000d\000a\000n\000i\000e}{section.1.6}% 83
\BOOKMARK [3][-]{subsubsection.1.6.5.1}{\376\377\000T\000r\000e\001\133\001\007}{subsection.1.6.5}% 84
\BOOKMARK [3][-]{subsubsection.1.6.5.2}{\376\377\000O\000d\000p\000o\000w\000i\000e\000d\001\172}{subsection.1.6.5}% 85
\BOOKMARK [1][-]{section.1.7}{\376\377\000P\000o\000c\000z\000t\000a\000\040\000e\000-\000m\000a\000i\000l}{part.1}% 86
\BOOKMARK [2][-]{subsection.1.7.1}{\376\377\000Z\000a\000d\000a\000n\000i\000e}{section.1.7}% 87
\BOOKMARK [3][-]{subsubsection.1.7.1.1}{\376\377\000T\000r\000e\001\133\001\007}{subsection.1.7.1}% 88
\BOOKMARK [3][-]{subsubsection.1.7.1.2}{\376\377\000O\000d\000p\000o\000w\000i\000e\000d\001\172}{subsection.1.7.1}% 89
\BOOKMARK [2][-]{subsection.1.7.2}{\376\377\000Z\000a\000d\000a\000n\000i\000e}{section.1.7}% 90
\BOOKMARK [3][-]{subsubsection.1.7.2.1}{\376\377\000T\000r\000e\001\133\001\007}{subsection.1.7.2}% 91
\BOOKMARK [3][-]{subsubsection.1.7.2.2}{\376\377\000O\000d\000p\000o\000w\000i\000e\000d\001\172}{subsection.1.7.2}% 92
\BOOKMARK [2][-]{subsection.1.7.3}{\376\377\000Z\000a\000d\000a\000n\000i\000e}{section.1.7}% 93
\BOOKMARK [3][-]{subsubsection.1.7.3.1}{\376\377\000T\000r\000e\001\133\001\007}{subsection.1.7.3}% 94
\BOOKMARK [3][-]{subsubsection.1.7.3.2}{\376\377\000O\000d\000p\000o\000w\000i\000e\000d\001\172}{subsection.1.7.3}% 95
