\BOOKMARK [0][-]{part.1}{\376\377\000I\000\040\000P\000r\000o\000t\000o\000k\000\363\001\102\000\040\000k\000o\000m\000u\000n\000i\000k\000a\000c\000y\000j\000n\000y}{}% 1
\BOOKMARK [1][-]{section.1.1}{\376\377\000S\000k\001\102\000a\000d\000\040\000p\000r\000o\000t\000o\000k\000o\001\102\000u}{part.1}% 2
\BOOKMARK [1][-]{section.1.2}{\376\377\000E\000n\000k\000a\000p\000s\000u\000l\000a\000c\000j\000a}{part.1}% 3
\BOOKMARK [2][-]{subsection.1.2.1}{\376\377\0005\000\040\000w\000a\000r\000s\000t\000w}{section.1.2}% 4
\BOOKMARK [2][-]{subsection.1.2.2}{\376\377\0003\000-\000p\000o\000z\000i\000o\000m\000o\000w\000a\000\040\000a\000r\000c\000h\000i\000t\000e\000k\000t\000u\000r\000a\000\040\000k\000o\000m\000u\000n\000i\000k\000a\000c\000j\000i}{section.1.2}% 5
\BOOKMARK [1][-]{section.1.3}{\376\377\000S\000e\000r\000v\000i\000c\000e\000\040\000A\000c\000c\000e\000s\000s\000\040\000P\000o\000i\000n\000t\000\040\000\050\000S\000A\000P\000\051}{part.1}% 6
\BOOKMARK [2][-]{subsection.1.3.1}{\376\377\000F\000o\000r\000m\000a\000t}{section.1.3}% 7
\BOOKMARK [0][-]{part.2}{\376\377\000I\000I\000\040\000M\000o\000d\000e\000l\000\040\000I\000S\000O\000\040\000/\000\040\000O\000S\000I}{}% 8
\BOOKMARK [1][-]{section.2.1}{\376\377\0007\000-\000w\000a\000r\000s\000t\000w\000o\000w\000y\000\040\000m\000o\000d\000e\000l}{part.2}% 9
\BOOKMARK [1][-]{section.2.2}{\376\377\000A\000r\000c\000h\000i\000t\000e\000k\000t\000u\000r\000a\000\040\000O\000S\000I\000\040\000j\000a\000k\000o\000\040\000F\000r\000a\000m\000e\000w\000o\000r\000k}{part.2}% 10
\BOOKMARK [0][-]{part.3}{\376\377\000I\000I\000I\000\040\000T\000r\000a\000n\000s\000f\000e\000r\000\040\000d\000a\000n\000y\000c\000h}{}% 11
\BOOKMARK [1][-]{section.3.1}{\376\377\000D\000i\000a\000g\000r\000a\000m\000y\000\040\000s\000e\000k\000w\000e\000n\000c\000j\000i\000\040\000c\000z\000a\000s\000o\000w\000e\000j\000\040\000d\000l\000a\000\040\000p\000r\000o\000s\000t\000y\000c\000h\000\040\000u\000s\001\102\000u\000g}{part.3}% 12
\BOOKMARK [2][-]{subsection.3.1.1}{\376\377\000P\000o\000t\000w\000i\000e\000r\000d\000z\000o\000n\000a\000\040\000/\000\040\000n\000i\000e\000p\000o\000t\000w\000i\000e\000r\000d\000z\000o\000n\000a\000\040\000u\000s\001\102\000u\000g\000a}{section.3.1}% 13
\BOOKMARK [2][-]{subsection.3.1.2}{\376\377\000W\000e\000r\000s\000j\000a\000\040\000z\000\040\000w\000c\000z\000e\001\133\000n\000i\000e\000j\000s\000z\000y\000m\000\040\000p\000o\000w\000r\000o\000t\000e\000m}{section.3.1}% 14
\BOOKMARK [1][-]{section.3.2}{\376\377\000P\000r\000o\000t\000o\000k\000o\001\102\000y}{part.3}% 15
\BOOKMARK [0][-]{part.4}{\376\377\000I\000V\000\040\000K\000o\000m\000u\000n\000i\000k\000a\000c\000j\000a\000\040\000M\000a\000s\000t\000e\000r\000-\000S\000l\000a\000v\000e}{}% 16
\BOOKMARK [1][-]{section.4.1}{\376\377\000A\000\040\000f\000e\000w\000\040\000d\000i\000f\000f\000e\000r\000e\000n\000t\000\040\000a\000l\000g\000o\000r\000i\000t\000h\000m\000s\000\040\000f\000o\000r\000\040\000s\000e\000n\000d\000i\000n\000g\000,\000\040\000r\000e\000c\000e\000i\000v\000i\000n\000g\000\040\000a\000n\000d\000\040\000p\000r\000o\000c\000e\000s\000s\000i\000n\000g\000\040\000d\000a\000t\000a}{part.4}% 17
\BOOKMARK [1][-]{section.4.2}{\376\377\000M\000a\000s\000t\000e\000r\000-\000s\000l\000a\000v\000e\000\040\000d\000a\000t\000a\000\040\000f\000l\000o\000w\000\040\000\050\000s\000l\000i\000d\000i\000n\000g\000\040\000w\000i\000n\000d\000o\000w\000\051}{part.4}% 18
\BOOKMARK [0][-]{part.5}{\376\377\000V\000\040\000B\000i\000n\000a\000r\000n\000a\000\040\000k\000o\000m\000u\000n\000i\000k\000a\000c\000j\000a\000\040\000s\000y\000n\000c\000h\000r\000o\000n\000i\000c\000z\000n\000a\000\040\000\050\000B\000S\000C\000\051}{}% 19
\BOOKMARK [1][-]{section.5.1}{\376\377\000Z\000n\000a\000k\000i\000\040\000k\000o\000n\000t\000r\000o\000l\000n\000e}{part.5}% 20
\BOOKMARK [1][-]{section.5.2}{\376\377\000F\000o\000r\000m\000a\000t\000\040\000d\000a\000n\000y\000c\000h}{part.5}% 21
\BOOKMARK [1][-]{section.5.3}{\376\377\000P\000r\000o\000t\000o\000k\000\363\001\102\000\040\000k\000o\000m\000u\000n\000i\000k\000a\000c\000j\000i}{part.5}% 22
\BOOKMARK [1][-]{section.5.4}{\376\377\000S\000c\000h\000e\000m\000a\000t\000y\000\040\001\174\001\005\000d\000a\001\104}{part.5}% 23
\BOOKMARK [2][-]{subsection.5.4.1}{\376\377\000O\000d\000b\000i\000o\000r\000u}{section.5.4}% 24
\BOOKMARK [2][-]{subsection.5.4.2}{\376\377\000N\000a\000d\000a\000n\000i\000a}{section.5.4}% 25
\BOOKMARK [2][-]{subsection.5.4.3}{\376\377\000C\000h\000a\000r\000a\000k\000t\000e\000r\000y\000s\000t\000y\000k\000a\000\040\000p\000o\000w\000y\001\174\000s\000z\000y\000c\000h\000\040\000r\000o\000z\000w\000i\001\005\000z\000a\001\104}{section.5.4}% 26
\BOOKMARK [2][-]{subsection.5.4.4}{\376\377\000Z\000\040\000t\000i\000m\000e\000o\000u\000t}{section.5.4}% 27
\BOOKMARK [3][-]{subsubsection.5.4.4.1}{\376\377\000W\000a\000d\000a\000\040\000r\000o\000z\000w\000i\001\005\000z\000a\000n\000i\000a}{subsection.5.4.4}% 28
\BOOKMARK [2][-]{subsection.5.4.5}{\376\377\000N\000u\000m\000e\000r\000a\000c\000j\000a\000\040\000p\000o\000t\000w\000i\000e\000r\000d\000z\000e\001\104}{section.5.4}% 29
\BOOKMARK [3][-]{subsubsection.5.4.5.1}{\376\377\000W\000a\000d\000a\000\040\000r\000o\000z\000w\000i\001\005\000z\000a\000n\000i\000a}{subsection.5.4.5}% 30
\BOOKMARK [2][-]{subsection.5.4.6}{\376\377\000S\000t\000e\000r\000o\000w\000a\000n\000i\000e\000\040\000p\000r\000z\000e\000p\001\102\000y\000w\000e\000m}{section.5.4}% 31
\BOOKMARK [3][-]{subsubsection.5.4.6.1}{\376\377\000W\000a\000d\000a\000\040\000r\000o\000z\000w\000i\001\005\000z\000a\000n\000i\000a}{subsection.5.4.6}% 32
\BOOKMARK [1][-]{section.5.5}{\376\377\000P\000r\000z\000e\000z\000r\000o\000c\000z\000y\000s\000t\000y\000\040\000b\000l\000o\000k\000\040\000w\000\040\000B\000S\000C}{part.5}% 33
\BOOKMARK [1][-]{section.5.6}{\376\377\000P\000r\000z\000e\000b\000i\000e\000g\000i\000\040\000c\000z\000a\000s\000o\000w\000e}{part.5}% 34
\BOOKMARK [0][-]{part.6}{\376\377\000V\000I\000\040\000P\000r\000o\000t\000o\000k\000\363\001\102\000\040\000o\000\040\000o\000r\000g\000a\000n\000i\000z\000a\000c\000j\000i\000\040\000b\000i\000t\000o\000w\000e\000j\000\040\000S\000D\000L\000C}{}% 35
\BOOKMARK [1][-]{section.6.1}{\376\377\001\101\001\005\000c\000z\000e\000,\000\040\000r\000a\000m\000k\000i\000\040\000i\000\040\000f\000l\000a\000g\000i}{part.6}% 36
\BOOKMARK [2][-]{subsection.6.1.1}{\376\377\000F\000o\000r\000m\000a\000t\000\040\000p\000r\000z\000e\000s\000y\001\102\000a\000n\000y\000c\000h\000\040\000d\000a\000n\000y\000c\000h}{section.6.1}% 37
\BOOKMARK [2][-]{subsection.6.1.2}{\376\377\000F\000l\000a\000g\000a}{section.6.1}% 38
\BOOKMARK [2][-]{subsection.6.1.3}{\376\377\000F\000o\000r\000m\000a\000t\000\040\000r\000a\000m\000k\000i}{section.6.1}% 39
\BOOKMARK [2][-]{subsection.6.1.4}{\376\377\000A\000d\000r\000e\000s\000o\000w\000a\000n\000i\000e}{section.6.1}% 40
\BOOKMARK [3][-]{subsubsection.6.1.4.1}{\376\377\000P\000o\000l\000e\000\040\000s\000t\000e\000r\000u\000j\001\005\000c\000e}{subsection.6.1.4}% 41
\BOOKMARK [1][-]{section.6.2}{\376\377\000A\000d\000a\000p\000t\000e\000r\000\040\000k\000o\000m\000u\000n\000i\000k\000a\000c\000y\000j\000n\000y}{part.6}% 42
\BOOKMARK [1][-]{section.6.3}{\376\377\000K\000o\000m\000e\000n\000d\000y\000\040\000s\000t\000e\000r\000u\000j\001\005\000c\000e}{part.6}% 43
\BOOKMARK [1][-]{section.6.4}{\376\377\000P\000o\001\102\001\005\000c\000z\000e\000n\000i\000a\000\040\000w\000\040\000S\000D\000L\000C}{part.6}% 44
\BOOKMARK [2][-]{subsection.6.4.1}{\376\377\000N\000o\000r\000m\000a\000l\000n\000y\000\040\000t\000r\000y\000b\000\040\000o\000d\000p\000o\000w\000i\000e\000d\000z\000i}{section.6.4}% 45
\BOOKMARK [3][-]{subsubsection.6.4.1.1}{\376\377\000T\000i\000m\000e\000o\000u\000t}{subsection.6.4.1}% 46
\BOOKMARK [3][-]{subsubsection.6.4.1.2}{\376\377\000R\000o\000d\000z\000a\000j\000e\000\040\000p\000o\000t\000w\000i\000e\000r\000d\000z\000e\001\104}{subsection.6.4.1}% 47
\BOOKMARK [2][-]{subsection.6.4.2}{\376\377\000T\000r\000y\000b\000\040\000a\000s\000y\000n\000c\000h\000r\000o\000n\000i\000c\000z\000n\000e\000j\000\040\000o\000d\000p\000o\000w\000i\000e\000d\000z\000i\000\040\000\050\000A\000R\000M\000\051}{section.6.4}% 48
\BOOKMARK [3][-]{subsubsection.6.4.2.1}{\376\377\000M\000e\000c\000h\000a\000n\000i\000z\000m\000y\000\040\000p\000o\000t\000w\000i\000e\000r\000d\000z\000e\000n\000i\000a}{subsection.6.4.2}% 49
\BOOKMARK [3][-]{subsubsection.6.4.2.2}{\376\377\000W\001\102\000a\001\133\000c\000i\000w\000o\001\133\000c\000i}{subsection.6.4.2}% 50
\BOOKMARK [3][-]{subsubsection.6.4.2.3}{\376\377\000Z\000r\000\363\000w\000n\000o\000w\000a\001\174\000o\000n\000y\000\040\000t\000r\000y\000b\000\040\000d\000z\000i\000a\001\102\000a\000n\000i\000a\000\040\000\050\000A\000M\000B\000\040\000\050\000E\000\051\000\051}{subsection.6.4.2}% 51
\BOOKMARK [2][-]{subsection.6.4.3}{\376\377\000I\000n\000n\000e}{section.6.4}% 52
\BOOKMARK [1][-]{section.6.5}{\376\377\000J\000a\000k\000o\001\133\001\007\000\040\001\102\001\005\000c\000z\000a}{part.6}% 53
\BOOKMARK [2][-]{subsection.6.5.1}{\376\377\000B\000i\000t\000\040\000E\000r\000r\000o\000r\000\040\000R\000a\000t\000e\000\040\000\050\000B\000E\000R\000\051}{section.6.5}% 54
\BOOKMARK [3][-]{subsubsection.6.5.1.1}{\376\377\000P\000r\000z\000y\000k\001\102\000a\000d}{subsection.6.5.1}% 55
\BOOKMARK [2][-]{subsection.6.5.2}{\376\377\000C\000e\000c\000h\000y}{section.6.5}% 56
\BOOKMARK [2][-]{subsection.6.5.3}{\376\377\000P\000r\000z\000y\000k\001\102\000a\000d}{section.6.5}% 57
\BOOKMARK [1][-]{section.6.6}{\376\377\001\101\001\005\000c\000z\000e\000\040\000r\000a\000d\000i\000o\000w\000e}{part.6}% 58
\BOOKMARK [2][-]{subsection.6.6.1}{\376\377\000A\000l\000g\000o\000r\000y\000t\000m\000\040\000d\000o\000s\000t\001\031\000p\000u\000\040\000d\000o\000\040\001\102\001\005\000c\000z\000a}{section.6.6}% 59
\BOOKMARK [2][-]{subsection.6.6.2}{\376\377\000P\000r\000o\000t\000o\000k\000\363\001\102}{section.6.6}% 60
\BOOKMARK [1][-]{section.6.7}{\376\377\000K\000o\000m\000u\000n\000i\000k\000a\000c\000j\000a\000\040\000k\000a\000b\000l\000o\000w\000a}{part.6}% 61
\BOOKMARK [2][-]{subsection.6.7.1}{\376\377\000M\000o\000d\000e\000l}{section.6.7}% 62
\BOOKMARK [2][-]{subsection.6.7.2}{\376\377\000A\000l\000g\000o\000r\000y\000t\000m\000y}{section.6.7}% 63
\BOOKMARK [1][-]{section.6.8}{\376\377\000D\000o\000s\000t\001\031\000p\000\040\000d\000o\000\040\001\102\001\005\000c\000z\000a}{part.6}% 64
\BOOKMARK [2][-]{subsection.6.8.1}{\376\377\000P\000r\000o\000t\000o\000k\000o\001\102\000y\000\040\000d\000o\000s\000t\001\031\000p\000u\000\040\000d\000o\000\040\001\102\001\005\000c\000z\000a}{section.6.8}% 65
\BOOKMARK [1][-]{section.6.9}{\376\377\000C\000z\001\031\001\133\000c\000i\000o\000w\000o\000\040\000k\000o\000n\000t\000r\000o\000l\000o\000w\000a\000n\000y\000\040\000d\000o\000s\000t\001\031\000p\000\040\000\050\000d\000z\000i\000a\001\102\000a\000n\000i\000e\000\040\000C\000S\000M\000A\000\040\000/\000\040\040\046\000\051}{part.6}% 66
\BOOKMARK [2][-]{subsection.6.9.1}{\376\377\000A\000l\000g\000o\000r\000y\000t\000m\000\040\000d\000o\000s\000t\001\031\000p\000u}{section.6.9}% 67
\BOOKMARK [2][-]{subsection.6.9.2}{\376\377\000C\000z\000a\000s\000\040\000d\000o\000\040\000r\000e\000t\000r\000a\000n\000s\000m\000i\000s\000j\000i}{section.6.9}% 68
\BOOKMARK [2][-]{subsection.6.9.3}{\376\377\000C\000e\000c\000h\000y}{section.6.9}% 69
\BOOKMARK [2][-]{subsection.6.9.4}{\376\377\000P\000o\000p\000r\000a\000w\000n\000a\000\040\000t\000r\000a\000n\000s\000m\000i\000s\000j\000a}{section.6.9}% 70
\BOOKMARK [3][-]{subsubsection.6.9.4.1}{\376\377\000O\000p\000c\000j\000e}{subsection.6.9.4}% 71
\BOOKMARK [0][-]{part.7}{\376\377\000V\000I\000I\000\040\000S\000i\000e\001\007\000\040\000t\000y\000p\000u\000\040\000E\000t\000h\000e\000r\000n\000e\000t}{}% 72
\BOOKMARK [1][-]{section.7.1}{\376\377\000R\000a\000m\000k\000a}{part.7}% 73
\BOOKMARK [1][-]{section.7.2}{\376\377\000Z\000a\000p\000o\000b\000i\000e\000g\000a\000n\000i\000e\000\040\000k\000o\000l\000i\000z\000j\000i}{part.7}% 74
\BOOKMARK [2][-]{subsection.7.2.1}{\376\377\000K\000l\000a\000s\000y\000c\000z\000n\000y\000\040\000a\000l\000g\000o\000r\000y\000t\000m}{section.7.2}% 75
\BOOKMARK [2][-]{subsection.7.2.2}{\376\377\000C\000S\000M\000A\000/\000C\000A}{section.7.2}% 76
\BOOKMARK [2][-]{subsection.7.2.3}{\376\377\000C\000S\000M\000A\000/\000C\000R}{section.7.2}% 77
\BOOKMARK [2][-]{subsection.7.2.4}{\376\377\000A\000l\000g\000o\000r\000y\000t\000m\000y\000\040\000k\000o\000n\000t\000r\000o\000l\000o\000w\000a\000n\000e\000g\000o\000\040\000d\000o\000s\000t\001\031\000p\000u}{section.7.2}% 78
\BOOKMARK [3][-]{subsubsection.7.2.4.1}{\376\377\000Z\000\040\000f\000a\000z\001\005\000\040\000p\000l\000a\000n\000o\000w\000a\000n\000i\000a}{subsection.7.2.4}% 79
\BOOKMARK [3][-]{subsubsection.7.2.4.2}{\376\377\000Z\000\040\000p\000r\000z\000e\000k\000a\000z\000y\000w\000a\000n\000i\000e\000m\000\040\000u\000p\000r\000a\000w\000n\000i\000e\000n\000i\000a\000\040\000\050\000T\000o\000k\000e\000n\000\051}{subsection.7.2.4}% 80
\BOOKMARK [2][-]{subsection.7.2.5}{\376\377\000S\000i\000e\001\007\000\040\000p\000i\000e\000r\001\133\000c\000i\000e\000n\000i\000o\000w\000a}{section.7.2}% 81
\BOOKMARK [2][-]{subsection.7.2.6}{\376\377\000C\000a\000m\000b\000r\000i\000d\000g\000e\000\040\000R\000i\000n\000g}{section.7.2}% 82
\BOOKMARK [2][-]{subsection.7.2.7}{\376\377\000A\000l\000g\000o\000r\000y\000t\000m\000\040\000w\001\102\001\005\000c\000z\000a\000n\000i\000a\000\040\000r\000e\000j\000e\000s\000t\000r\000u}{section.7.2}% 83
\BOOKMARK [2][-]{subsection.7.2.8}{\376\377\000P\000r\000o\000t\000o\000k\000\363\001\102\000\040\000d\000r\000z\000e\000w\000a\000\040\000r\000o\000z\000p\000i\000n\000a\000n\000e\000g\000o}{section.7.2}% 84
\BOOKMARK [0][-]{part.8}{\376\377\000V\000I\000I\000I\000\040\000C\000o\000n\000t\000r\000o\000l\000\040\000T\000o\000k\000e\000n\000\040\000C\000o\000m\000m\000u\000n\000i\000c\000a\000t\000i\000o\000n}{}% 85
\BOOKMARK [1][-]{section.8.1}{\376\377\000T\000w\000o\000\040\000t\000y\000p\000e\000s\000\040\000o\000f\000\040\000n\000e\000t\000w\000o\000r\000k\000s}{part.8}% 86
\BOOKMARK [1][-]{section.8.2}{\376\377\000T\000o\000k\000e\000n\000\040\000p\000a\000s\000s\000i\000n\000g}{part.8}% 87
\BOOKMARK [1][-]{section.8.3}{\376\377\000C\000o\000n\000t\000r\000o\000l\000\040\000t\000o\000k\000e\000n\000s}{part.8}% 88
\BOOKMARK [1][-]{section.8.4}{\376\377\000C\000o\000n\000d\000i\000t\000i\000o\000n\000s}{part.8}% 89
\BOOKMARK [0][-]{part.9}{\376\377\000I\000X\000\040\000P\000r\000o\000j\000e\000k\000t\000o\000w\000a\000n\000i\000e\000\040\000t\000o\000p\000o\000l\000o\000g\000i\000i\000\040\000s\000i\000e\000c\000i}{}% 90
\BOOKMARK [1][-]{section.9.1}{\376\377\000U\000z\000g\000o\000d\000n\000i\000e\000n\000i\000e\000\040\000g\000o\000t\000o\000w\000o\001\133\000c\000i\000\040\000u\000d\000z\000i\000a\001\102\000u\000\040\000w\000\040\000t\000r\000a\000n\000s\000m\000i\000s\000j\000i}{part.9}% 91
\BOOKMARK [2][-]{subsection.9.1.1}{\376\377\000T\000r\000y\000b\000\040\000p\000o\001\102\001\005\000c\000z\000e\000n\000i\000o\000w\000y}{section.9.1}% 92
\BOOKMARK [2][-]{subsection.9.1.2}{\376\377\000T\000r\000y\000b\000\040\000b\000e\000z\000p\000o\001\102\001\005\000c\000z\000e\000n\000i\000o\000w\000y}{section.9.1}% 93
\BOOKMARK [1][-]{section.9.2}{\376\377\000T\000r\000y\000b\000\040\000p\000r\000a\000c\000y\000\040\000s\000i\000e\000c\000i}{part.9}% 94
\BOOKMARK [2][-]{subsection.9.2.1}{\376\377\000K\000o\000m\000u\000t\000a\000c\000j\000a\000\040\000k\000a\000n\000a\001\102\000\363\000w}{section.9.2}% 95
\BOOKMARK [2][-]{subsection.9.2.2}{\376\377\000K\000o\000m\000u\000t\000a\000c\000j\000a\000\040\000i\000n\000f\000o\000r\000m\000a\000c\000j\000i}{section.9.2}% 96
\BOOKMARK [1][-]{section.9.3}{\376\377\000A\000d\000r\000e\000s\000a\000c\000j\000a}{part.9}% 97
\BOOKMARK [2][-]{subsection.9.3.1}{\376\377\000I\000P}{section.9.3}% 98
\BOOKMARK [1][-]{section.9.4}{\376\377\000W\000y\000b\000\363\000r\000\040\000d\000r\000o\000g\000i}{part.9}% 99
\BOOKMARK [2][-]{subsection.9.4.1}{\376\377\000A\000l\000g\000o\000r\000y\000t\000m\000y\000\040\000s\000t\000a\001\102\000e\000g\000o\000\040\000w\000y\000b\000o\000r\000u}{section.9.4}% 100
\BOOKMARK [2][-]{subsection.9.4.2}{\376\377\000T\000a\000b\000l\000i\000c\000a\000\040\000s\000t\000a\001\102\000e\000g\000o\000\040\000w\000y\000b\000o\000r\000u}{section.9.4}% 101
\BOOKMARK [3][-]{subsubsection.9.4.2.1}{\376\377\000A\000l\000g\000o\000r\000y\000t\000m\000y\000\040\000a\000d\000a\000p\000t\000a\000c\000y\000j\000n\000e}{subsection.9.4.2}% 102
\BOOKMARK [0][-]{part.10}{\376\377\000X\000\040\000C\000o\000n\000n\000e\000c\000t\000i\000o\000n\000-\000o\000r\000i\000e\000n\000t\000e\000d\000\040\000c\000o\000m\000m\000u\000n\000i\000c\000a\000t\000i\000o\000n}{}% 103
\BOOKMARK [1][-]{section.10.1}{\376\377\000R\000o\000u\000t\000i\000n\000g}{part.10}% 104
\BOOKMARK [1][-]{section.10.2}{\376\377\000B\000a\000c\000k\000-\000l\000e\000a\000r\000n\000i\000n\000g}{part.10}% 105
\BOOKMARK [0][-]{part.11}{\376\377\000X\000I\000\040\000P\000r\000o\000t\000o\000c\000o\000l\000s}{}% 106
\BOOKMARK [1][-]{section.11.1}{\376\377\000C\000o\000n\000n\000e\000c\000t\000i\000o\000n\000-\000o\000r\000i\000e\000n\000t\000e\000d\000\040\000\050\000X\000.\0002\0005\000\040\000/\000\040\000F\000r\000a\000m\000e\000\040\000R\000e\000l\000a\000y\000\051}{part.11}% 107
\BOOKMARK [1][-]{section.11.2}{\376\377\000C\000o\000n\000n\000e\000c\000t\000i\000o\000n\000l\000e\000s\000s\000\040\000o\000r\000i\000e\000n\000t\000e\000d}{part.11}% 108
