This is pdfTeX, Version 3.1415926-2.5-1.40.14 (MiKTeX 2.9) (preloaded format=pdflatex 2014.12.5)  28 JAN 2015 17:43
entering extended mode
**sk_ultimate.tex
("F:\Uczelnia\Sem 5\SK\sk_ultimate\sk_ultimate.tex"
LaTeX2e <2011/06/27>
Babel <v3.8m> and hyphenation patterns for english, afrikaans, ancientgreek, ar
abic, armenian, assamese, basque, bengali, bokmal, bulgarian, catalan, coptic, 
croatian, czech, danish, dutch, esperanto, estonian, farsi, finnish, french, ga
lician, german, german-x-2013-05-26, greek, gujarati, hindi, hungarian, iceland
ic, indonesian, interlingua, irish, italian, kannada, kurmanji, latin, latvian,
 lithuanian, malayalam, marathi, mongolian, mongolianlmc, monogreek, ngerman, n
german-x-2013-05-26, nynorsk, oriya, panjabi, pinyin, polish, portuguese, roman
ian, russian, sanskrit, serbian, slovak, slovenian, spanish, swedish, swissgerm
an, tamil, telugu, turkish, turkmen, ukenglish, ukrainian, uppersorbian, usengl
ishmax, welsh, loaded.
("C:\Program Files\MiKTeX 2.9\tex\latex\base\article.cls"
Document Class: article 2007/10/19 v1.4h Standard LaTeX document class
("C:\Program Files\MiKTeX 2.9\tex\latex\base\size10.clo"
File: size10.clo 2007/10/19 v1.4h Standard LaTeX file (size option)
)
\c@part=\count79
\c@section=\count80
\c@subsection=\count81
\c@subsubsection=\count82
\c@paragraph=\count83
\c@subparagraph=\count84
\c@figure=\count85
\c@table=\count86
\abovecaptionskip=\skip41
\belowcaptionskip=\skip42
\bibindent=\dimen102
)
("C:\Program Files\MiKTeX 2.9\tex\latex\polski\polski.sty"
Package: polski 2008/02/24 v1.3.3 Polish language package

Document language package `polski' v1.3.3 <2008/02/24>
\l@nohyphenation=\language69
   Switching to Polish text encoding and Polish maths fonts.
("C:\Program Files\MiKTeX 2.9\tex\latex\base\ot4enc.def"
File: ot4enc.def 2005/09/27 v1.99g Standard LaTeX file
)
LaTeX Font Info:    Try loading font information for OT4+cmr on input line 346.


("C:\Program Files\MiKTeX 2.9\tex\latex\polski\ot4cmr.fd"
File: ot4cmr.fd 2008/02/24 v1.2.1 Font defs for fonts PL (MW)
)
LaTeX Font Info:    Overwriting math alphabet `\mathbf' in version `normal'
(Font)                  OT1/cmr/bx/n --> OT4/cmr/bx/n on input line 346.
LaTeX Font Info:    Overwriting math alphabet `\mathsf' in version `normal'
(Font)                  OT1/cmss/m/n --> OT4/cmss/m/n on input line 346.
LaTeX Font Info:    Overwriting math alphabet `\mathit' in version `normal'
(Font)                  OT1/cmr/m/it --> OT4/cmr/m/it on input line 346.
LaTeX Font Info:    Overwriting math alphabet `\mathtt' in version `normal'
(Font)                  OT1/cmtt/m/n --> OT4/cmtt/m/n on input line 346.
LaTeX Font Info:    Overwriting math alphabet `\mathsf' in version `bold'
(Font)                  OT1/cmss/bx/n --> OT4/cmss/bx/n on input line 346.
LaTeX Font Info:    Overwriting math alphabet `\mathit' in version `bold'
(Font)                  OT1/cmr/bx/it --> OT4/cmr/bx/it on input line 346.
LaTeX Font Info:    Encoding `OT1' has changed to `OT4' for symbol font
(Font)              `operators' in the math version `normal' on input line 346.

LaTeX Font Info:    Overwriting symbol font `operators' in version `normal'
(Font)                  OT1/cmr/m/n --> OT4/cmr/m/n on input line 346.
LaTeX Font Info:    Overwriting symbol font `letters' in version `normal'
(Font)                  OML/cmm/m/it --> OML/plm/m/it on input line 346.
LaTeX Font Info:    Overwriting symbol font `symbols' in version `normal'
(Font)                  OMS/cmsy/m/n --> OMS/plsy/m/n on input line 346.
LaTeX Font Info:    Overwriting symbol font `largesymbols' in version `normal'
(Font)                  OMX/cmex/m/n --> OMX/plex/m/n on input line 346.
LaTeX Font Info:    Encoding `OT1' has changed to `OT4' for symbol font
(Font)              `operators' in the math version `bold' on input line 346.
LaTeX Font Info:    Overwriting symbol font `operators' in version `bold'
(Font)                  OT1/cmr/bx/n --> OT4/cmr/bx/n on input line 346.
LaTeX Font Info:    Overwriting symbol font `letters' in version `bold'
(Font)                  OML/cmm/b/it --> OML/plm/b/it on input line 346.
LaTeX Font Info:    Overwriting symbol font `symbols' in version `bold'
(Font)                  OMS/cmsy/b/n --> OMS/plsy/b/n on input line 346.
)
("C:\Program Files\MiKTeX 2.9\tex\latex\base\inputenc.sty"
Package: inputenc 2008/03/30 v1.1d Input encoding file
\inpenc@prehook=\toks14
\inpenc@posthook=\toks15

("C:\Program Files\MiKTeX 2.9\tex\latex\base\utf8.def"
File: utf8.def 2008/04/05 v1.1m UTF-8 support for inputenc
Now handling font encoding OML ...
... no UTF-8 mapping file for font encoding OML
Now handling font encoding T1 ...
... processing UTF-8 mapping file for font encoding T1

("C:\Program Files\MiKTeX 2.9\tex\latex\base\t1enc.dfu"
File: t1enc.dfu 2008/04/05 v1.1m UTF-8 support for inputenc
   defining Unicode char U+00A1 (decimal 161)
   defining Unicode char U+00A3 (decimal 163)
   defining Unicode char U+00AB (decimal 171)
   defining Unicode char U+00BB (decimal 187)
   defining Unicode char U+00BF (decimal 191)
   defining Unicode char U+00C0 (decimal 192)
   defining Unicode char U+00C1 (decimal 193)
   defining Unicode char U+00C2 (decimal 194)
   defining Unicode char U+00C3 (decimal 195)
   defining Unicode char U+00C4 (decimal 196)
   defining Unicode char U+00C5 (decimal 197)
   defining Unicode char U+00C6 (decimal 198)
   defining Unicode char U+00C7 (decimal 199)
   defining Unicode char U+00C8 (decimal 200)
   defining Unicode char U+00C9 (decimal 201)
   defining Unicode char U+00CA (decimal 202)
   defining Unicode char U+00CB (decimal 203)
   defining Unicode char U+00CC (decimal 204)
   defining Unicode char U+00CD (decimal 205)
   defining Unicode char U+00CE (decimal 206)
   defining Unicode char U+00CF (decimal 207)
   defining Unicode char U+00D0 (decimal 208)
   defining Unicode char U+00D1 (decimal 209)
   defining Unicode char U+00D2 (decimal 210)
   defining Unicode char U+00D3 (decimal 211)
   defining Unicode char U+00D4 (decimal 212)
   defining Unicode char U+00D5 (decimal 213)
   defining Unicode char U+00D6 (decimal 214)
   defining Unicode char U+00D8 (decimal 216)
   defining Unicode char U+00D9 (decimal 217)
   defining Unicode char U+00DA (decimal 218)
   defining Unicode char U+00DB (decimal 219)
   defining Unicode char U+00DC (decimal 220)
   defining Unicode char U+00DD (decimal 221)
   defining Unicode char U+00DE (decimal 222)
   defining Unicode char U+00DF (decimal 223)
   defining Unicode char U+00E0 (decimal 224)
   defining Unicode char U+00E1 (decimal 225)
   defining Unicode char U+00E2 (decimal 226)
   defining Unicode char U+00E3 (decimal 227)
   defining Unicode char U+00E4 (decimal 228)
   defining Unicode char U+00E5 (decimal 229)
   defining Unicode char U+00E6 (decimal 230)
   defining Unicode char U+00E7 (decimal 231)
   defining Unicode char U+00E8 (decimal 232)
   defining Unicode char U+00E9 (decimal 233)
   defining Unicode char U+00EA (decimal 234)
   defining Unicode char U+00EB (decimal 235)
   defining Unicode char U+00EC (decimal 236)
   defining Unicode char U+00ED (decimal 237)
   defining Unicode char U+00EE (decimal 238)
   defining Unicode char U+00EF (decimal 239)
   defining Unicode char U+00F0 (decimal 240)
   defining Unicode char U+00F1 (decimal 241)
   defining Unicode char U+00F2 (decimal 242)
   defining Unicode char U+00F3 (decimal 243)
   defining Unicode char U+00F4 (decimal 244)
   defining Unicode char U+00F5 (decimal 245)
   defining Unicode char U+00F6 (decimal 246)
   defining Unicode char U+00F8 (decimal 248)
   defining Unicode char U+00F9 (decimal 249)
   defining Unicode char U+00FA (decimal 250)
   defining Unicode char U+00FB (decimal 251)
   defining Unicode char U+00FC (decimal 252)
   defining Unicode char U+00FD (decimal 253)
   defining Unicode char U+00FE (decimal 254)
   defining Unicode char U+00FF (decimal 255)
   defining Unicode char U+0102 (decimal 258)
   defining Unicode char U+0103 (decimal 259)
   defining Unicode char U+0104 (decimal 260)
   defining Unicode char U+0105 (decimal 261)
   defining Unicode char U+0106 (decimal 262)
   defining Unicode char U+0107 (decimal 263)
   defining Unicode char U+010C (decimal 268)
   defining Unicode char U+010D (decimal 269)
   defining Unicode char U+010E (decimal 270)
   defining Unicode char U+010F (decimal 271)
   defining Unicode char U+0110 (decimal 272)
   defining Unicode char U+0111 (decimal 273)
   defining Unicode char U+0118 (decimal 280)
   defining Unicode char U+0119 (decimal 281)
   defining Unicode char U+011A (decimal 282)
   defining Unicode char U+011B (decimal 283)
   defining Unicode char U+011E (decimal 286)
   defining Unicode char U+011F (decimal 287)
   defining Unicode char U+0130 (decimal 304)
   defining Unicode char U+0131 (decimal 305)
   defining Unicode char U+0132 (decimal 306)
   defining Unicode char U+0133 (decimal 307)
   defining Unicode char U+0139 (decimal 313)
   defining Unicode char U+013A (decimal 314)
   defining Unicode char U+013D (decimal 317)
   defining Unicode char U+013E (decimal 318)
   defining Unicode char U+0141 (decimal 321)
   defining Unicode char U+0142 (decimal 322)
   defining Unicode char U+0143 (decimal 323)
   defining Unicode char U+0144 (decimal 324)
   defining Unicode char U+0147 (decimal 327)
   defining Unicode char U+0148 (decimal 328)
   defining Unicode char U+014A (decimal 330)
   defining Unicode char U+014B (decimal 331)
   defining Unicode char U+0150 (decimal 336)
   defining Unicode char U+0151 (decimal 337)
   defining Unicode char U+0152 (decimal 338)
   defining Unicode char U+0153 (decimal 339)
   defining Unicode char U+0154 (decimal 340)
   defining Unicode char U+0155 (decimal 341)
   defining Unicode char U+0158 (decimal 344)
   defining Unicode char U+0159 (decimal 345)
   defining Unicode char U+015A (decimal 346)
   defining Unicode char U+015B (decimal 347)
   defining Unicode char U+015E (decimal 350)
   defining Unicode char U+015F (decimal 351)
   defining Unicode char U+0160 (decimal 352)
   defining Unicode char U+0161 (decimal 353)
   defining Unicode char U+0162 (decimal 354)
   defining Unicode char U+0163 (decimal 355)
   defining Unicode char U+0164 (decimal 356)
   defining Unicode char U+0165 (decimal 357)
   defining Unicode char U+016E (decimal 366)
   defining Unicode char U+016F (decimal 367)
   defining Unicode char U+0170 (decimal 368)
   defining Unicode char U+0171 (decimal 369)
   defining Unicode char U+0178 (decimal 376)
   defining Unicode char U+0179 (decimal 377)
   defining Unicode char U+017A (decimal 378)
   defining Unicode char U+017B (decimal 379)
   defining Unicode char U+017C (decimal 380)
   defining Unicode char U+017D (decimal 381)
   defining Unicode char U+017E (decimal 382)
   defining Unicode char U+200C (decimal 8204)
   defining Unicode char U+2013 (decimal 8211)
   defining Unicode char U+2014 (decimal 8212)
   defining Unicode char U+2018 (decimal 8216)
   defining Unicode char U+2019 (decimal 8217)
   defining Unicode char U+201A (decimal 8218)
   defining Unicode char U+201C (decimal 8220)
   defining Unicode char U+201D (decimal 8221)
   defining Unicode char U+201E (decimal 8222)
   defining Unicode char U+2030 (decimal 8240)
   defining Unicode char U+2031 (decimal 8241)
   defining Unicode char U+2039 (decimal 8249)
   defining Unicode char U+203A (decimal 8250)
   defining Unicode char U+2423 (decimal 9251)
)
Now handling font encoding OT1 ...
... processing UTF-8 mapping file for font encoding OT1

("C:\Program Files\MiKTeX 2.9\tex\latex\base\ot1enc.dfu"
File: ot1enc.dfu 2008/04/05 v1.1m UTF-8 support for inputenc
   defining Unicode char U+00A1 (decimal 161)
   defining Unicode char U+00A3 (decimal 163)
   defining Unicode char U+00B8 (decimal 184)
   defining Unicode char U+00BF (decimal 191)
   defining Unicode char U+00C5 (decimal 197)
   defining Unicode char U+00C6 (decimal 198)
   defining Unicode char U+00D8 (decimal 216)
   defining Unicode char U+00DF (decimal 223)
   defining Unicode char U+00E6 (decimal 230)
   defining Unicode char U+00EC (decimal 236)
   defining Unicode char U+00ED (decimal 237)
   defining Unicode char U+00EE (decimal 238)
   defining Unicode char U+00EF (decimal 239)
   defining Unicode char U+00F8 (decimal 248)
   defining Unicode char U+0131 (decimal 305)
   defining Unicode char U+0141 (decimal 321)
   defining Unicode char U+0142 (decimal 322)
   defining Unicode char U+0152 (decimal 338)
   defining Unicode char U+0153 (decimal 339)
   defining Unicode char U+2013 (decimal 8211)
   defining Unicode char U+2014 (decimal 8212)
   defining Unicode char U+2018 (decimal 8216)
   defining Unicode char U+2019 (decimal 8217)
   defining Unicode char U+201C (decimal 8220)
   defining Unicode char U+201D (decimal 8221)
)
Now handling font encoding OMS ...
... processing UTF-8 mapping file for font encoding OMS

("C:\Program Files\MiKTeX 2.9\tex\latex\base\omsenc.dfu"
File: omsenc.dfu 2008/04/05 v1.1m UTF-8 support for inputenc
   defining Unicode char U+00A7 (decimal 167)
   defining Unicode char U+00B6 (decimal 182)
   defining Unicode char U+00B7 (decimal 183)
   defining Unicode char U+2020 (decimal 8224)
   defining Unicode char U+2021 (decimal 8225)
   defining Unicode char U+2022 (decimal 8226)
)
Now handling font encoding OMX ...
... no UTF-8 mapping file for font encoding OMX
Now handling font encoding U ...
... no UTF-8 mapping file for font encoding U
Now handling font encoding OT4 ...
... no UTF-8 mapping file for font encoding OT4
   defining Unicode char U+00A9 (decimal 169)
   defining Unicode char U+00AA (decimal 170)
   defining Unicode char U+00AE (decimal 174)
   defining Unicode char U+00BA (decimal 186)
   defining Unicode char U+02C6 (decimal 710)
   defining Unicode char U+02DC (decimal 732)
   defining Unicode char U+200C (decimal 8204)
   defining Unicode char U+2026 (decimal 8230)
   defining Unicode char U+2122 (decimal 8482)
   defining Unicode char U+2423 (decimal 9251)
))
("C:\Program Files\MiKTeX 2.9\tex\latex\graphics\graphicx.sty"
Package: graphicx 1999/02/16 v1.0f Enhanced LaTeX Graphics (DPC,SPQR)

("C:\Program Files\MiKTeX 2.9\tex\latex\graphics\keyval.sty"
Package: keyval 1999/03/16 v1.13 key=value parser (DPC)
\KV@toks@=\toks16
)
("C:\Program Files\MiKTeX 2.9\tex\latex\graphics\graphics.sty"
Package: graphics 2009/02/05 v1.0o Standard LaTeX Graphics (DPC,SPQR)

("C:\Program Files\MiKTeX 2.9\tex\latex\graphics\trig.sty"
Package: trig 1999/03/16 v1.09 sin cos tan (DPC)
)
("C:\Program Files\MiKTeX 2.9\tex\latex\00miktex\graphics.cfg"
File: graphics.cfg 2007/01/18 v1.5 graphics configuration of teTeX/TeXLive
)
Package graphics Info: Driver file: pdftex.def on input line 91.

("C:\Program Files\MiKTeX 2.9\tex\latex\pdftex-def\pdftex.def"
File: pdftex.def 2011/05/27 v0.06d Graphics/color for pdfTeX

("C:\Program Files\MiKTeX 2.9\tex\generic\oberdiek\infwarerr.sty"
Package: infwarerr 2010/04/08 v1.3 Providing info/warning/error messages (HO)
)
("C:\Program Files\MiKTeX 2.9\tex\generic\oberdiek\ltxcmds.sty"
Package: ltxcmds 2011/11/09 v1.22 LaTeX kernel commands for general use (HO)
)
\Gread@gobject=\count87
))
\Gin@req@height=\dimen103
\Gin@req@width=\dimen104
)
("C:\Program Files\MiKTeX 2.9\tex\latex\amsmath\amsmath.sty"
Package: amsmath 2013/01/14 v2.14 AMS math features
\@mathmargin=\skip43

For additional information on amsmath, use the `?' option.
("C:\Program Files\MiKTeX 2.9\tex\latex\amsmath\amstext.sty"
Package: amstext 2000/06/29 v2.01

("C:\Program Files\MiKTeX 2.9\tex\latex\amsmath\amsgen.sty"
File: amsgen.sty 1999/11/30 v2.0
\@emptytoks=\toks17
\ex@=\dimen105
))
("C:\Program Files\MiKTeX 2.9\tex\latex\amsmath\amsbsy.sty"
Package: amsbsy 1999/11/29 v1.2d
\pmbraise@=\dimen106
)
("C:\Program Files\MiKTeX 2.9\tex\latex\amsmath\amsopn.sty"
Package: amsopn 1999/12/14 v2.01 operator names
)
\inf@bad=\count88
LaTeX Info: Redefining \frac on input line 210.
\uproot@=\count89
\leftroot@=\count90
LaTeX Info: Redefining \overline on input line 306.
\classnum@=\count91
\DOTSCASE@=\count92
LaTeX Info: Redefining \ldots on input line 378.
LaTeX Info: Redefining \dots on input line 381.
LaTeX Info: Redefining \cdots on input line 466.
\Mathstrutbox@=\box26
\strutbox@=\box27
\big@size=\dimen107
LaTeX Font Info:    Redeclaring font encoding OML on input line 566.
LaTeX Font Info:    Redeclaring font encoding OMS on input line 567.
\macc@depth=\count93
\c@MaxMatrixCols=\count94
\dotsspace@=\muskip10
\c@parentequation=\count95
\dspbrk@lvl=\count96
\tag@help=\toks18
\row@=\count97
\column@=\count98
\maxfields@=\count99
\andhelp@=\toks19
\eqnshift@=\dimen108
\alignsep@=\dimen109
\tagshift@=\dimen110
\tagwidth@=\dimen111
\totwidth@=\dimen112
\lineht@=\dimen113
\@envbody=\toks20
\multlinegap=\skip44
\multlinetaggap=\skip45
\mathdisplay@stack=\toks21
LaTeX Info: Redefining \[ on input line 2665.
LaTeX Info: Redefining \] on input line 2666.
)
("C:\Program Files\MiKTeX 2.9\tex\latex\hyperref\hyperref.sty"
Package: hyperref 2012/11/06 v6.83m Hypertext links for LaTeX

("C:\Program Files\MiKTeX 2.9\tex\generic\oberdiek\hobsub-hyperref.sty"
Package: hobsub-hyperref 2012/04/25 v1.12 Bundle oberdiek, subset hyperref (HO)


("C:\Program Files\MiKTeX 2.9\tex\generic\oberdiek\hobsub-generic.sty"
Package: hobsub-generic 2012/04/25 v1.12 Bundle oberdiek, subset generic (HO)
Package: hobsub 2012/04/25 v1.12 Construct package bundles (HO)
Package hobsub Info: Skipping package `infwarerr' (already loaded).
Package hobsub Info: Skipping package `ltxcmds' (already loaded).
Package: ifluatex 2010/03/01 v1.3 Provides the ifluatex switch (HO)
Package ifluatex Info: LuaTeX not detected.
Package: ifvtex 2010/03/01 v1.5 Detect VTeX and its facilities (HO)
Package ifvtex Info: VTeX not detected.
Package: intcalc 2007/09/27 v1.1 Expandable calculations with integers (HO)
Package: ifpdf 2011/01/30 v2.3 Provides the ifpdf switch (HO)
Package ifpdf Info: pdfTeX in PDF mode is detected.
Package: etexcmds 2011/02/16 v1.5 Avoid name clashes with e-TeX commands (HO)
Package etexcmds Info: Could not find \expanded.
(etexcmds)             That can mean that you are not using pdfTeX 1.50 or
(etexcmds)             that some package has redefined \expanded.
(etexcmds)             In the latter case, load this package earlier.
Package: kvsetkeys 2012/04/25 v1.16 Key value parser (HO)
Package: kvdefinekeys 2011/04/07 v1.3 Define keys (HO)
Package: pdftexcmds 2011/11/29 v0.20 Utility functions of pdfTeX for LuaTeX (HO
)
Package pdftexcmds Info: LuaTeX not detected.
Package pdftexcmds Info: \pdf@primitive is available.
Package pdftexcmds Info: \pdf@ifprimitive is available.
Package pdftexcmds Info: \pdfdraftmode found.
Package: pdfescape 2011/11/25 v1.13 Implements pdfTeX's escape features (HO)
Package: bigintcalc 2012/04/08 v1.3 Expandable calculations on big integers (HO
)
Package: bitset 2011/01/30 v1.1 Handle bit-vector datatype (HO)
Package: uniquecounter 2011/01/30 v1.2 Provide unlimited unique counter (HO)
)
Package hobsub Info: Skipping package `hobsub' (already loaded).
Package: letltxmacro 2010/09/02 v1.4 Let assignment for LaTeX macros (HO)
Package: hopatch 2011/06/24 v1.1 Wrapper for package hooks (HO)
Package: xcolor-patch 2011/01/30 xcolor patch
Package: atveryend 2011/06/30 v1.8 Hooks at the very end of document (HO)
Package atveryend Info: \enddocument detected (standard20110627).
Package: atbegshi 2011/10/05 v1.16 At begin shipout hook (HO)
Package: refcount 2011/10/16 v3.4 Data extraction from label references (HO)
Package: hycolor 2011/01/30 v1.7 Color options for hyperref/bookmark (HO)
)
("C:\Program Files\MiKTeX 2.9\tex\generic\ifxetex\ifxetex.sty"
Package: ifxetex 2010/09/12 v0.6 Provides ifxetex conditional
)
("C:\Program Files\MiKTeX 2.9\tex\latex\oberdiek\auxhook.sty"
Package: auxhook 2011/03/04 v1.3 Hooks for auxiliary files (HO)
)
("C:\Program Files\MiKTeX 2.9\tex\latex\oberdiek\kvoptions.sty"
Package: kvoptions 2011/06/30 v3.11 Key value format for package options (HO)
)
\@linkdim=\dimen114
\Hy@linkcounter=\count100
\Hy@pagecounter=\count101

("C:\Program Files\MiKTeX 2.9\tex\latex\hyperref\pd1enc.def"
File: pd1enc.def 2012/11/06 v6.83m Hyperref: PDFDocEncoding definition (HO)
Now handling font encoding PD1 ...
... no UTF-8 mapping file for font encoding PD1
)
\Hy@SavedSpaceFactor=\count102

("C:\Program Files\MiKTeX 2.9\tex\latex\00miktex\hyperref.cfg"
File: hyperref.cfg 2002/06/06 v1.2 hyperref configuration of TeXLive
)
Package hyperref Info: Option `unicode' set `true' on input line 4319.

("C:\Program Files\MiKTeX 2.9\tex\latex\hyperref\puenc.def"
File: puenc.def 2012/11/06 v6.83m Hyperref: PDF Unicode definition (HO)
Now handling font encoding PU ...
... no UTF-8 mapping file for font encoding PU
)
Package hyperref Info: Option `bookmarks' set `true' on input line 4319.
Package hyperref Info: Hyper figures OFF on input line 4443.
Package hyperref Info: Link nesting OFF on input line 4448.
Package hyperref Info: Hyper index ON on input line 4451.
Package hyperref Info: Plain pages OFF on input line 4458.
Package hyperref Info: Backreferencing OFF on input line 4463.
Package hyperref Info: Implicit mode ON; LaTeX internals redefined.
Package hyperref Info: Bookmarks ON on input line 4688.
\c@Hy@tempcnt=\count103

("C:\Program Files\MiKTeX 2.9\tex\latex\url\url.sty"
\Urlmuskip=\muskip11
Package: url 2013/09/16  ver 3.4  Verb mode for urls, etc.
)
LaTeX Info: Redefining \url on input line 5041.
\XeTeXLinkMargin=\dimen115
\Fld@menulength=\count104
\Field@Width=\dimen116
\Fld@charsize=\dimen117
Package hyperref Info: Hyper figures OFF on input line 6295.
Package hyperref Info: Link nesting OFF on input line 6300.
Package hyperref Info: Hyper index ON on input line 6303.
Package hyperref Info: backreferencing OFF on input line 6310.
Package hyperref Info: Link coloring OFF on input line 6315.
Package hyperref Info: Link coloring with OCG OFF on input line 6320.
Package hyperref Info: PDF/A mode OFF on input line 6325.
LaTeX Info: Redefining \ref on input line 6365.
LaTeX Info: Redefining \pageref on input line 6369.
\Hy@abspage=\count105
\c@Item=\count106
\c@Hfootnote=\count107
)

Package hyperref Message: Driver (autodetected): hpdftex.

("C:\Program Files\MiKTeX 2.9\tex\latex\hyperref\hpdftex.def"
File: hpdftex.def 2012/11/06 v6.83m Hyperref driver for pdfTeX
\Fld@listcount=\count108
\c@bookmark@seq@number=\count109

("C:\Program Files\MiKTeX 2.9\tex\latex\oberdiek\rerunfilecheck.sty"
Package: rerunfilecheck 2011/04/15 v1.7 Rerun checks for auxiliary files (HO)
Package uniquecounter Info: New unique counter `rerunfilecheck' on input line 2
82.
)
\Hy@SectionHShift=\skip46
)
("C:\Program Files\MiKTeX 2.9\tex\latex\tabto\tabto.sty"
Package: tabto 2013/03/25  v 1.3  Another tabbing mechanism
\CurrentLineWidth=\dimen118
)
("C:\Program Files\MiKTeX 2.9\tex\latex\tools\array.sty"
Package: array 2008/09/09 v2.4c Tabular extension package (FMi)
\col@sep=\dimen119
\extrarowheight=\dimen120
\NC@list=\toks22
\extratabsurround=\skip47
\backup@length=\skip48
)
("C:\Program Files\MiKTeX 2.9\tex\latex\multirow\multirow.sty"
\bigstrutjot=\dimen121
)
("C:\Program Files\MiKTeX 2.9\tex\latex\tools\dcolumn.sty"
Package: dcolumn 2001/05/28 v1.06 decimal alignment package (DPC)
)
("C:\Program Files\MiKTeX 2.9\tex\latex\multirow\bigstrut.sty")
("C:\Program Files\MiKTeX 2.9\tex\latex\graphics\color.sty"
Package: color 2005/11/14 v1.0j Standard LaTeX Color (DPC)

("C:\Program Files\MiKTeX 2.9\tex\latex\00miktex\color.cfg"
File: color.cfg 2007/01/18 v1.5 color configuration of teTeX/TeXLive
)
Package color Info: Driver file: pdftex.def on input line 130.
)
("C:\Program Files\MiKTeX 2.9\tex\latex\xcolor\xcolor.sty"
Package: xcolor 2007/01/21 v2.11 LaTeX color extensions (UK)

("C:\Program Files\MiKTeX 2.9\tex\latex\00miktex\color.cfg"
File: color.cfg 2007/01/18 v1.5 color configuration of teTeX/TeXLive
)
Package xcolor Info: Package option `usenames' ignored on input line 216.
Package xcolor Info: Driver file: pdftex.def on input line 225.
LaTeX Info: Redefining \color on input line 702.
Package xcolor Info: Model `cmy' substituted by `cmy0' on input line 1337.
Package xcolor Info: Model `hsb' substituted by `rgb' on input line 1341.
Package xcolor Info: Model `RGB' extended on input line 1353.
Package xcolor Info: Model `HTML' substituted by `rgb' on input line 1355.
Package xcolor Info: Model `Hsb' substituted by `hsb' on input line 1356.
Package xcolor Info: Model `tHsb' substituted by `hsb' on input line 1357.
Package xcolor Info: Model `HSB' substituted by `hsb' on input line 1358.
Package xcolor Info: Model `Gray' substituted by `gray' on input line 1359.
Package xcolor Info: Model `wave' substituted by `hsb' on input line 1360.

("C:\Program Files\MiKTeX 2.9\tex\latex\graphics\dvipsnam.def"
File: dvipsnam.def 1999/02/16 v3.0i Driver-dependant file (DPC,SPQR)
))
("C:\Program Files\MiKTeX 2.9\tex\latex\svg\svg.sty"
Package: svg 2012/09/05 v1.0 SVG inclusion and extraction

("C:\Program Files\MiKTeX 2.9\tex\latex\xkeyval\xkeyval.sty"
Package: xkeyval 2012/10/14 v2.6b package option processing (HA)

("C:\Program Files\MiKTeX 2.9\tex\generic\xkeyval\xkeyval.tex"
\XKV@toks=\toks23
\XKV@tempa@toks=\toks24
\XKV@depth=\count110
File: xkeyval.tex 2012/10/14 v2.6b key=value parser (HA)
))
("C:\Program Files\MiKTeX 2.9\tex\latex\subfig\subfig.sty"
Package: subfig 2005/06/28 ver: 1.3 subfig package

("C:\Program Files\MiKTeX 2.9\tex\latex\caption\caption.sty"
Package: caption 2013/05/02 v3.3-89 Customizing captions (AR)

("C:\Program Files\MiKTeX 2.9\tex\latex\caption\caption3.sty"
Package: caption3 2013/05/02 v1.6-88 caption3 kernel (AR)
Package caption3 Info: TeX engine: e-TeX on input line 57.
\captionmargin=\dimen122
\captionmargin@=\dimen123
\captionwidth=\dimen124
\caption@tempdima=\dimen125
\caption@indent=\dimen126
\caption@parindent=\dimen127
\caption@hangindent=\dimen128
)
\c@ContinuedFloat=\count111
Package caption Info: hyperref package is loaded.
)
\c@KVtest=\count112
\sf@farskip=\skip49
\sf@captopadj=\dimen129
\sf@capskip=\skip50
\sf@nearskip=\skip51
\c@subfigure=\count113
\c@subfigure@save=\count114
\c@lofdepth=\count115
\c@subtable=\count116
\c@subtable@save=\count117
\c@lotdepth=\count118
\sf@top=\skip52
\sf@bottom=\skip53
)
("C:\Program Files\MiKTeX 2.9\tex\latex\import\import.sty"
Package: import 2009/03/23  v 5.1
)
("C:\Program Files\MiKTeX 2.9\tex\latex\oberdiek\transparent.sty"
Package: transparent 2007/01/08 v1.0 Transparency via pdfTeX's color stack (HO)

)
\SVG@out@width=\skip54
\SVG@out@height=\skip55
\c@svgfigure=\count119
)
("C:\Program Files\MiKTeX 2.9\tex\latex\l3packages\xfrac\xfrac.sty"
("C:\Program Files\MiKTeX 2.9\tex\latex\l3packages\l3keys2e\l3keys2e.sty"
("C:\Program Files\MiKTeX 2.9\tex\latex\l3kernel\expl3.sty"
Package: expl3 2014/11/25 v5471 L3 programming layer (loader) 

("C:\Program Files\MiKTeX 2.9\tex\latex\l3kernel\expl3-code.tex"
Package: expl3 2014/11/25 v5471 L3 programming layer (code) 
L3 Module: l3bootstrap 2014/08/23 v5354 L3 Bootstrap code

("C:\Program Files\MiKTeX 2.9\tex\latex\misc\etex.sty"
Package: etex 1998/03/26 v2.0 eTeX basic definition package (PEB)
\et@xins=\count120
)
L3 Module: l3names 2014/08/22 v5343 L3 Namespace for primitives
L3 Module: l3basics 2014/08/24 v5364 L3 Basic definitions
L3 Module: l3expan 2014/08/22 v5349 L3 Argument expansion
L3 Module: l3tl 2014/11/19 v5460 L3 Token lists
L3 Module: l3str 2014/08/24 v5368 L3 Strings
L3 Module: l3seq 2014/08/23 v5354 L3 Sequences and stacks
L3 Module: l3int 2014/09/14 v5421 L3 Integers
\c_max_int=\count121
\l_tmpa_int=\count122
\l_tmpb_int=\count123
\g_tmpa_int=\count124
\g_tmpb_int=\count125
L3 Module: l3quark 2014/08/23 v5354 L3 Quarks
L3 Module: l3prg 2014/08/23 v5354 L3 Control structures
\g__prg_map_int=\count126
L3 Module: l3clist 2014/08/23 v5354 L3 Comma separated lists
L3 Module: l3token 2014/09/15 v5422 L3 Experimental token manipulation
L3 Module: l3prop 2014/08/23 v5354 L3 Property lists
L3 Module: l3msg 2014/08/24 v5358 L3 Messages
L3 Module: l3file 2014/08/24 v5369 L3 File and I/O operations
\l_iow_line_count_int=\count127
\l__iow_target_count_int=\count128
\l__iow_current_line_int=\count129
\l__iow_current_word_int=\count130
\l__iow_current_indentation_int=\count131
L3 Module: l3skip 2014/08/23 v5354 L3 Dimensions and skips
\c_zero_dim=\dimen130
\c_max_dim=\dimen131
\l_tmpa_dim=\dimen132
\l_tmpb_dim=\dimen133
\g_tmpa_dim=\dimen134
\g_tmpb_dim=\dimen135
\c_zero_skip=\skip56
\c_max_skip=\skip57
\l_tmpa_skip=\skip58
\l_tmpb_skip=\skip59
\g_tmpa_skip=\skip60
\g_tmpb_skip=\skip61
\c_zero_muskip=\muskip12
\c_max_muskip=\muskip13
\l_tmpa_muskip=\muskip14
\l_tmpb_muskip=\muskip15
\g_tmpa_muskip=\muskip16
\g_tmpb_muskip=\muskip17
L3 Module: l3keys 2014/08/23 v5354 L3 Key-value interfaces
\g__keyval_level_int=\count132
\l_keys_choice_int=\count133
L3 Module: l3fp 2014/08/22 v5336 L3 Floating points
\c__fp_leading_shift_int=\count134
\c__fp_middle_shift_int=\count135
\c__fp_trailing_shift_int=\count136
\c__fp_big_leading_shift_int=\count137
\c__fp_big_middle_shift_int=\count138
\c__fp_big_trailing_shift_int=\count139
\c__fp_Bigg_leading_shift_int=\count140
\c__fp_Bigg_middle_shift_int=\count141
\c__fp_Bigg_trailing_shift_int=\count142
L3 Module: l3box 2014/08/23 v5354 L3 Experimental boxes
\c_empty_box=\box28
\l_tmpa_box=\box29
\l_tmpb_box=\box30
\g_tmpa_box=\box31
\g_tmpb_box=\box32
L3 Module: l3coffins 2014/08/23 v5354 L3 Coffin code layer
\l__coffin_internal_box=\box33
\l__coffin_internal_dim=\dimen136
\l__coffin_offset_x_dim=\dimen137
\l__coffin_offset_y_dim=\dimen138
\l__coffin_x_dim=\dimen139
\l__coffin_y_dim=\dimen140
\l__coffin_x_prime_dim=\dimen141
\l__coffin_y_prime_dim=\dimen142
\c_empty_coffin=\box34
\l__coffin_aligned_coffin=\box35
\l__coffin_aligned_internal_coffin=\box36
\l_tmpa_coffin=\box37
\l_tmpb_coffin=\box38
\l__coffin_display_coffin=\box39
\l__coffin_display_coord_coffin=\box40
\l__coffin_display_pole_coffin=\box41
\l__coffin_display_offset_dim=\dimen143
\l__coffin_display_x_dim=\dimen144
\l__coffin_display_y_dim=\dimen145
L3 Module: l3color 2014/08/23 v5354 L3 Experimental color support
L3 Module: l3candidates 2014/11/23 v5466 L3 Experimental additions to l3kernel
\l__box_top_dim=\dimen146
\l__box_bottom_dim=\dimen147
\l__box_left_dim=\dimen148
\l__box_right_dim=\dimen149
\l__box_top_new_dim=\dimen150
\l__box_bottom_new_dim=\dimen151
\l__box_left_new_dim=\dimen152
\l__box_right_new_dim=\dimen153
\l__box_internal_box=\box42
\l__coffin_bounding_shift_dim=\dimen154
\l__coffin_left_corner_dim=\dimen155
\l__coffin_right_corner_dim=\dimen156
\l__coffin_bottom_corner_dim=\dimen157
\l__coffin_top_corner_dim=\dimen158
\l__coffin_scaled_total_height_dim=\dimen159
\l__coffin_scaled_width_dim=\dimen160
)
("C:\Program Files\MiKTeX 2.9\tex\latex\l3kernel\l3unicode-data.def"
File: l3unicode-data.def 2014/11/23 v5465 L3 Unicode data
)
("C:\Program Files\MiKTeX 2.9\tex\latex\l3kernel\l3pdfmode.def"
File: l3pdfmode.def 2014/11/23 v5466 L3 Experimental driver: PDF mode
\l__driver_color_stack_int=\count143
))
Package: l3keys2e 2014/11/25 v5471 LaTeX2e option processing using LaTeX3 keys
)
("C:\Program Files\MiKTeX 2.9\tex\latex\base\textcomp.sty"
Package: textcomp 2005/09/27 v1.99g Standard LaTeX package
Package textcomp Info: Sub-encoding information:
(textcomp)               5 = only ISO-Adobe without \textcurrency
(textcomp)               4 = 5 + \texteuro
(textcomp)               3 = 4 + \textohm
(textcomp)               2 = 3 + \textestimated + \textcurrency
(textcomp)               1 = TS1 - \textcircled - \t
(textcomp)               0 = TS1 (full)
(textcomp)             Font families with sub-encoding setting implement
(textcomp)             only a restricted character set as indicated.
(textcomp)             Family '?' is the default used for unknown fonts.
(textcomp)             See the documentation for details.
Package textcomp Info: Setting ? sub-encoding to TS1/1 on input line 71.

("C:\Program Files\MiKTeX 2.9\tex\latex\base\ts1enc.def"
File: ts1enc.def 2001/06/05 v3.0e (jk/car/fm) Standard LaTeX file
Now handling font encoding TS1 ...
... processing UTF-8 mapping file for font encoding TS1

("C:\Program Files\MiKTeX 2.9\tex\latex\base\ts1enc.dfu"
File: ts1enc.dfu 2008/04/05 v1.1m UTF-8 support for inputenc
   defining Unicode char U+00A2 (decimal 162)
   defining Unicode char U+00A3 (decimal 163)
   defining Unicode char U+00A4 (decimal 164)
   defining Unicode char U+00A5 (decimal 165)
   defining Unicode char U+00A6 (decimal 166)
   defining Unicode char U+00A7 (decimal 167)
   defining Unicode char U+00A8 (decimal 168)
   defining Unicode char U+00A9 (decimal 169)
   defining Unicode char U+00AA (decimal 170)
   defining Unicode char U+00AC (decimal 172)
   defining Unicode char U+00AE (decimal 174)
   defining Unicode char U+00AF (decimal 175)
   defining Unicode char U+00B0 (decimal 176)
   defining Unicode char U+00B1 (decimal 177)
   defining Unicode char U+00B2 (decimal 178)
   defining Unicode char U+00B3 (decimal 179)
   defining Unicode char U+00B4 (decimal 180)
   defining Unicode char U+00B5 (decimal 181)
   defining Unicode char U+00B6 (decimal 182)
   defining Unicode char U+00B7 (decimal 183)
   defining Unicode char U+00B9 (decimal 185)
   defining Unicode char U+00BA (decimal 186)
   defining Unicode char U+00BC (decimal 188)
   defining Unicode char U+00BD (decimal 189)
   defining Unicode char U+00BE (decimal 190)
   defining Unicode char U+00D7 (decimal 215)
   defining Unicode char U+00F7 (decimal 247)
   defining Unicode char U+0192 (decimal 402)
   defining Unicode char U+02C7 (decimal 711)
   defining Unicode char U+02D8 (decimal 728)
   defining Unicode char U+02DD (decimal 733)
   defining Unicode char U+0E3F (decimal 3647)
   defining Unicode char U+2016 (decimal 8214)
   defining Unicode char U+2020 (decimal 8224)
   defining Unicode char U+2021 (decimal 8225)
   defining Unicode char U+2022 (decimal 8226)
   defining Unicode char U+2030 (decimal 8240)
   defining Unicode char U+2031 (decimal 8241)
   defining Unicode char U+203B (decimal 8251)
   defining Unicode char U+203D (decimal 8253)
   defining Unicode char U+2044 (decimal 8260)
   defining Unicode char U+204E (decimal 8270)
   defining Unicode char U+2052 (decimal 8274)
   defining Unicode char U+20A1 (decimal 8353)
   defining Unicode char U+20A4 (decimal 8356)
   defining Unicode char U+20A6 (decimal 8358)
   defining Unicode char U+20A9 (decimal 8361)
   defining Unicode char U+20AB (decimal 8363)
   defining Unicode char U+20AC (decimal 8364)
   defining Unicode char U+20B1 (decimal 8369)
   defining Unicode char U+2103 (decimal 8451)
   defining Unicode char U+2116 (decimal 8470)
   defining Unicode char U+2117 (decimal 8471)
   defining Unicode char U+211E (decimal 8478)
   defining Unicode char U+2120 (decimal 8480)
   defining Unicode char U+2122 (decimal 8482)
   defining Unicode char U+2126 (decimal 8486)
   defining Unicode char U+2127 (decimal 8487)
   defining Unicode char U+212E (decimal 8494)
   defining Unicode char U+2190 (decimal 8592)
   defining Unicode char U+2191 (decimal 8593)
   defining Unicode char U+2192 (decimal 8594)
   defining Unicode char U+2193 (decimal 8595)
   defining Unicode char U+2329 (decimal 9001)
   defining Unicode char U+232A (decimal 9002)
   defining Unicode char U+2422 (decimal 9250)
   defining Unicode char U+25E6 (decimal 9702)
   defining Unicode char U+25EF (decimal 9711)
   defining Unicode char U+266A (decimal 9834)
))
LaTeX Info: Redefining \oldstylenums on input line 266.
Package textcomp Info: Setting cmr sub-encoding to TS1/0 on input line 281.
Package textcomp Info: Setting cmss sub-encoding to TS1/0 on input line 282.
Package textcomp Info: Setting cmtt sub-encoding to TS1/0 on input line 283.
Package textcomp Info: Setting cmvtt sub-encoding to TS1/0 on input line 284.
Package textcomp Info: Setting cmbr sub-encoding to TS1/0 on input line 285.
Package textcomp Info: Setting cmtl sub-encoding to TS1/0 on input line 286.
Package textcomp Info: Setting ccr sub-encoding to TS1/0 on input line 287.
Package textcomp Info: Setting ptm sub-encoding to TS1/4 on input line 288.
Package textcomp Info: Setting pcr sub-encoding to TS1/4 on input line 289.
Package textcomp Info: Setting phv sub-encoding to TS1/4 on input line 290.
Package textcomp Info: Setting ppl sub-encoding to TS1/3 on input line 291.
Package textcomp Info: Setting pag sub-encoding to TS1/4 on input line 292.
Package textcomp Info: Setting pbk sub-encoding to TS1/4 on input line 293.
Package textcomp Info: Setting pnc sub-encoding to TS1/4 on input line 294.
Package textcomp Info: Setting pzc sub-encoding to TS1/4 on input line 295.
Package textcomp Info: Setting bch sub-encoding to TS1/4 on input line 296.
Package textcomp Info: Setting put sub-encoding to TS1/5 on input line 297.
Package textcomp Info: Setting uag sub-encoding to TS1/5 on input line 298.
Package textcomp Info: Setting ugq sub-encoding to TS1/5 on input line 299.
Package textcomp Info: Setting ul8 sub-encoding to TS1/4 on input line 300.
Package textcomp Info: Setting ul9 sub-encoding to TS1/4 on input line 301.
Package textcomp Info: Setting augie sub-encoding to TS1/5 on input line 302.
Package textcomp Info: Setting dayrom sub-encoding to TS1/3 on input line 303.
Package textcomp Info: Setting dayroms sub-encoding to TS1/3 on input line 304.

Package textcomp Info: Setting pxr sub-encoding to TS1/0 on input line 305.
Package textcomp Info: Setting pxss sub-encoding to TS1/0 on input line 306.
Package textcomp Info: Setting pxtt sub-encoding to TS1/0 on input line 307.
Package textcomp Info: Setting txr sub-encoding to TS1/0 on input line 308.
Package textcomp Info: Setting txss sub-encoding to TS1/0 on input line 309.
Package textcomp Info: Setting txtt sub-encoding to TS1/0 on input line 310.
Package textcomp Info: Setting lmr sub-encoding to TS1/0 on input line 311.
Package textcomp Info: Setting lmdh sub-encoding to TS1/0 on input line 312.
Package textcomp Info: Setting lmss sub-encoding to TS1/0 on input line 313.
Package textcomp Info: Setting lmssq sub-encoding to TS1/0 on input line 314.
Package textcomp Info: Setting lmvtt sub-encoding to TS1/0 on input line 315.
Package textcomp Info: Setting qhv sub-encoding to TS1/0 on input line 316.
Package textcomp Info: Setting qag sub-encoding to TS1/0 on input line 317.
Package textcomp Info: Setting qbk sub-encoding to TS1/0 on input line 318.
Package textcomp Info: Setting qcr sub-encoding to TS1/0 on input line 319.
Package textcomp Info: Setting qcs sub-encoding to TS1/0 on input line 320.
Package textcomp Info: Setting qpl sub-encoding to TS1/0 on input line 321.
Package textcomp Info: Setting qtm sub-encoding to TS1/0 on input line 322.
Package textcomp Info: Setting qzc sub-encoding to TS1/0 on input line 323.
Package textcomp Info: Setting qhvc sub-encoding to TS1/0 on input line 324.
Package textcomp Info: Setting futs sub-encoding to TS1/4 on input line 325.
Package textcomp Info: Setting futx sub-encoding to TS1/4 on input line 326.
Package textcomp Info: Setting futj sub-encoding to TS1/4 on input line 327.
Package textcomp Info: Setting hlh sub-encoding to TS1/3 on input line 328.
Package textcomp Info: Setting hls sub-encoding to TS1/3 on input line 329.
Package textcomp Info: Setting hlst sub-encoding to TS1/3 on input line 330.
Package textcomp Info: Setting hlct sub-encoding to TS1/5 on input line 331.
Package textcomp Info: Setting hlx sub-encoding to TS1/5 on input line 332.
Package textcomp Info: Setting hlce sub-encoding to TS1/5 on input line 333.
Package textcomp Info: Setting hlcn sub-encoding to TS1/5 on input line 334.
Package textcomp Info: Setting hlcw sub-encoding to TS1/5 on input line 335.
Package textcomp Info: Setting hlcf sub-encoding to TS1/5 on input line 336.
Package textcomp Info: Setting pplx sub-encoding to TS1/3 on input line 337.
Package textcomp Info: Setting pplj sub-encoding to TS1/3 on input line 338.
Package textcomp Info: Setting ptmx sub-encoding to TS1/4 on input line 339.
Package textcomp Info: Setting ptmj sub-encoding to TS1/4 on input line 340.
)
("C:\Program Files\MiKTeX 2.9\tex\latex\l3packages\xparse\xparse.sty"
Package: xparse 2014/11/25 v5471 L3 Experimental document command parser
\l__xparse_current_arg_int=\count144
\l__xparse_m_args_int=\count145
\l__xparse_mandatory_args_int=\count146
\l__xparse_processor_int=\count147
\l__xparse_v_nesting_int=\count148
)
("C:\Program Files\MiKTeX 2.9\tex\latex\l3packages\xtemplate\xtemplate.sty"
Package: xtemplate 2014/11/25 v5471 L3 Experimental prototype document function
s
\l__xtemplate_tmp_dim=\dimen161
\l__xtemplate_tmp_int=\count149
\l__xtemplate_tmp_muskip=\muskip18
\l__xtemplate_tmp_skip=\skip62
Variant \prop_get:NoNTF already defined; not changing it on line 106
Variant \prop_get:NoNT already defined; not changing it on line 107
Variant \prop_get:NoNF already defined; not changing it on line 108
)
Package: xfrac 2014/05/04 v4728 L3 Experimental split-level fractions
\l__xfrac_slash_box=\box43
\l__xfrac_tmp_box=\box44
\l__xfrac_denominator_bot_sep_dim=\dimen162
\l__xfrac_numerator_bot_sep_dim=\dimen163
\l__xfrac_numerator_top_sep_dim=\dimen164
\l__xfrac_slash_left_sep_dim=\dimen165
\l__xfrac_slash_right_sep_dim=\dimen166
\l__xfrac_slash_left_muskip=\muskip19
\l__xfrac_slash_right_muskip=\muskip20
.................................................
. xtemplate info: "declare-object-type"
. 
. Declaring object type 'xfrac' taking 3 argument(s) on line 96.
.................................................
.................................................
. LaTeX info: "xparse/define-command"
. 
. Defining command \sfrac with sig. 'omom' on line 436.
.................................................
)
("C:\Program Files\MiKTeX 2.9\tex\latex\floatrow\floatrow.sty"
Package: floatrow 2008/08/02 v0.3b floatrow: float package extension
\c@float@type=\count150
\float@exts=\toks25
\float@box=\box45
\@floatcapt=\box46
Package floatrow Info: Modified float package code loaded on input line 455.
Package floatrow Info: Modified rotfloat package code loaded on input line 473.

\FR@everyfloat=\toks26
\flrow@foot=\insert233
\FB@wd=\dimen167
\FBo@wd=\dimen168
\FBc@wd=\dimen169
\FBo@ht=\skip63
\FBc@ht=\skip64
\FBf@ht=\skip65
\FBo@max=\skip66
\FBc@max=\skip67
\FBf@max=\skip68
\c@FBl@b=\count151
\floatbox@depth=\count152
\c@FRobj=\count153
\c@FRsobj=\count154
\Xhsize=\skip69
\sXhsize=\skip70
\Zhsize=\skip71
\sZhsize=\skip72
\flrow@rowbox=\box47
\FR@Zunitlength=\dimen170
\c@FBcnt=\count155
\FPOScnt=\count156
\LTleft=\skip73
\LTright=\skip74
\LTleft=\skip75
\LTright=\skip76
\flrow@types=\toks27
)
("C:\Program Files\MiKTeX 2.9\tex\latex\blindtext\blindtext.sty"
Package: blindtext 2012/01/06 V2.0 blindtext-Package

("C:\Program Files\MiKTeX 2.9\tex\latex\tools\xspace.sty"
Package: xspace 2009/10/20 v1.13 Space after command names (DPC,MH)
)
\c@blindtext=\count157
\c@Blindtext=\count158
\c@blind@countparstart=\count159
\blind@countxx=\count160
\blindtext@numBlindtext=\count161
\blind@countyy=\count162
\c@blindlist=\count163
\c@blindlistlevel=\count164
\c@blindlist@level=\count165
\blind@listitem=\count166
\c@blind@listcount=\count167
\c@blind@levelcount=\count168
\blind@mathformula=\count169
\blind@Mathformula=\count170
\c@blind@randomcount=\count171
\c@blind@randommax=\count172
\c@blind@pangramcount=\count173
\c@blind@pangrammax=\count174
)
("C:\Program Files\MiKTeX 2.9\tex\latex\tools\enumerate.sty"
Package: enumerate 1999/03/05 v3.00 enumerate extensions (DPC)
\@enLab=\toks28
)
("C:\Program Files\MiKTeX 2.9\tex\latex\wrapfig\wrapfig.sty"
\wrapoverhang=\dimen171
\WF@size=\dimen172
\c@WF@wrappedlines=\count175
\WF@box=\box48
\WF@everypar=\toks29
Package: wrapfig 2003/01/31  v 3.6
)
("C:\Program Files\MiKTeX 2.9\tex\latex\titlesec\titlesec.sty"
Package: titlesec 2011/12/15 v2.10.0 Sectioning titles
\ttl@box=\box49
\beforetitleunit=\skip77
\aftertitleunit=\skip78
\ttl@plus=\dimen173
\ttl@minus=\dimen174
\ttl@toksa=\toks30
\titlewidth=\dimen175
\titlewidthlast=\dimen176
\titlewidthfirst=\dimen177
)
("F:\Uczelnia\Sem 5\SK\sk_ultimate\sk_ultimate.aux")
LaTeX Font Info:    Checking defaults for OML/cmm/m/it on input line 50.
LaTeX Font Info:    ... okay on input line 50.
LaTeX Font Info:    Checking defaults for T1/cmr/m/n on input line 50.
LaTeX Font Info:    ... okay on input line 50.
LaTeX Font Info:    Checking defaults for OT1/cmr/m/n on input line 50.
LaTeX Font Info:    ... okay on input line 50.
LaTeX Font Info:    Checking defaults for OMS/cmsy/m/n on input line 50.
LaTeX Font Info:    ... okay on input line 50.
LaTeX Font Info:    Checking defaults for OMX/cmex/m/n on input line 50.
LaTeX Font Info:    ... okay on input line 50.
LaTeX Font Info:    Checking defaults for U/cmr/m/n on input line 50.
LaTeX Font Info:    ... okay on input line 50.
LaTeX Font Info:    Checking defaults for OT4/cmr/m/n on input line 50.
LaTeX Font Info:    ... okay on input line 50.
LaTeX Font Info:    Checking defaults for PD1/pdf/m/n on input line 50.
LaTeX Font Info:    ... okay on input line 50.
LaTeX Font Info:    Checking defaults for PU/pdf/m/n on input line 50.
LaTeX Font Info:    ... okay on input line 50.
LaTeX Font Info:    Checking defaults for TS1/cmr/m/n on input line 50.
LaTeX Font Info:    Try loading font information for TS1+cmr on input line 50.

("C:\Program Files\MiKTeX 2.9\tex\latex\base\ts1cmr.fd"
File: ts1cmr.fd 1999/05/25 v2.5h Standard LaTeX font definitions
)
LaTeX Font Info:    ... okay on input line 50.

("C:\Program Files\MiKTeX 2.9\tex\context\base\supp-pdf.mkii"
[Loading MPS to PDF converter (version 2006.09.02).]
\scratchcounter=\count176
\scratchdimen=\dimen178
\scratchbox=\box50
\nofMPsegments=\count177
\nofMParguments=\count178
\everyMPshowfont=\toks31
\MPscratchCnt=\count179
\MPscratchDim=\dimen179
\MPnumerator=\count180
\makeMPintoPDFobject=\count181
\everyMPtoPDFconversion=\toks32
)
\AtBeginShipoutBox=\box51
Package hyperref Info: Link coloring OFF on input line 50.
 ("C:\Program Files\MiKTeX 2.9\tex\latex\hyperref\nameref.sty"
Package: nameref 2012/10/27 v2.43 Cross-referencing by name of section

("C:\Program Files\MiKTeX 2.9\tex\generic\oberdiek\gettitlestring.sty"
Package: gettitlestring 2010/12/03 v1.4 Cleanup title references (HO)
)
\c@section@level=\count182
)
LaTeX Info: Redefining \ref on input line 50.
LaTeX Info: Redefining \pageref on input line 50.
LaTeX Info: Redefining \nameref on input line 50.

("F:\Uczelnia\Sem 5\SK\sk_ultimate\sk_ultimate.out")
("F:\Uczelnia\Sem 5\SK\sk_ultimate\sk_ultimate.out")
\@outlinefile=\write3
Package caption Info: Begin \AtBeginDocument code.
Package caption Info: subfig package v1.3 is loaded.
Package caption Info: floatrow package is loaded.
Package caption Info: float package is loaded.
Package caption Info: floatrow package is loaded.
Package caption Info: wrapfig package is loaded.
Package caption Info: End \AtBeginDocument code.

("C:\Program Files\MiKTeX 2.9\tex\latex\floatrow\fr-subfig.sty"
Package: fr-subfig 2007/12/24 v0.1g (beta) floatrow: additions for subfig
\FBsc@max=\skip79
\FBso@max=\skip80
)
LaTeX Font Info:    Try loading font information for OML+plm on input line 59.

("C:\Program Files\MiKTeX 2.9\tex\latex\polski\omlplm.fd"
File: omlplm.fd 2008/02/24 v1.2.1 Font defs for fonts PL (MW)
)
LaTeX Font Info:    Try loading font information for OMS+plsy on input line 59.


("C:\Program Files\MiKTeX 2.9\tex\latex\polski\omsplsy.fd"
File: omsplsy.fd 2008/02/24 v1.2.1 Font defs for fonts PL (MW)
)
LaTeX Font Info:    Try loading font information for OMX+plex on input line 59.


("C:\Program Files\MiKTeX 2.9\tex\latex\polski\omxplex.fd"
File: omxplex.fd 2008/02/24 v1.2.1 Font defs for fonts PL (MW)
)
LaTeX Font Info:    External font `plex10' loaded for size
(Font)              <12> on input line 59.
LaTeX Font Info:    External font `plex10' loaded for size
(Font)              <8> on input line 59.
LaTeX Font Info:    External font `plex10' loaded for size
(Font)              <6> on input line 59.
 [1

{C:/ProgramData/MiKTeX/2.9/pdftex/config/pdftex.map}]
("F:\Uczelnia\Sem 5\SK\sk_ultimate\tex\sk_teoria.tex"
LaTeX Font Info:    External font `plex10' loaded for size
(Font)              <10> on input line 19.
LaTeX Font Info:    External font `plex10' loaded for size
(Font)              <7> on input line 19.
LaTeX Font Info:    External font `plex10' loaded for size
(Font)              <5> on input line 19.


LaTeX Warning: `h' float specifier changed to `ht'.

<./images/image01.jpg, id=1143, 395.5578pt x 246.6816pt>
File: ./images/image01.jpg Graphic file (type jpg)

<use ./images/image01.jpg>
Package pdftex.def Info: ./images/image01.jpg used on input line 63.
(pdftex.def)             Requested size: 312.9803pt x 195.19626pt.


LaTeX Warning: `h' float specifier changed to `ht'.

[2] [3 <F:/Uczelnia/Sem 5/SK/sk_ultimate/images/image01.jpg>]
Underfull \hbox (badness 10000) in paragraph at lines 131--143

 []

[4] <./images/image02.jpg, id=1166, 404.2302pt x 284.262pt>
File: ./images/image02.jpg Graphic file (type jpg)

<use ./images/image02.jpg>
Package pdftex.def Info: ./images/image02.jpg used on input line 156.
(pdftex.def)             Requested size: 284.52756pt x 200.08809pt.

<./images/image03_confirmation.jpg, id=1167, 233.1912pt x 266.9172pt>
File: ./images/image03_confirmation.jpg Graphic file (type jpg)

<use ./images/image03_confirmation.jpg>
Package pdftex.def Info: ./images/image03_confirmation.jpg used on input line 1
60.
(pdftex.def)             Requested size: 199.16928pt x 227.97627pt.

<./images/image03_no_confirmation.jpg, id=1168, 233.1912pt x 266.9172pt>
File: ./images/image03_no_confirmation.jpg Graphic file (type jpg)

<use ./images/image03_no_confirmation.jpg>
Package pdftex.def Info: ./images/image03_no_confirmation.jpg used on input lin
e 161.
(pdftex.def)             Requested size: 199.16928pt x 227.97627pt.

Underfull \vbox (badness 10000) has occurred while \output is active []

 [5 <F:/Uczelnia/Sem 5/SK/sk_ultimate/images/image02.jpg>]
<./images/image04.jpg, id=1173, 476.5002pt x 266.9172pt>
File: ./images/image04.jpg Graphic file (type jpg)

<use ./images/image04.jpg>
Package pdftex.def Info: ./images/image04.jpg used on input line 165.
(pdftex.def)             Requested size: 284.52756pt x 159.38994pt.
 [6 <F:/Uczelnia/Sem 5/SK/sk_ultimate/images/image03_confirmation.jpg> <F:/Ucze
lnia/Sem 5/SK/sk_ultimate/images/image03_no_confirmation.jpg> <F:/Uczelnia/Sem 
5/SK/sk_ultimate/images/image04.jpg>]
<./images/image06.pdf, id=1178, 659.83661pt x 282.639pt>
File: ./images/image06.pdf Graphic file (type pdf)

<use ./images/image06.pdf>
Package pdftex.def Info: ./images/image06.pdf used on input line 214.
(pdftex.def)             Requested size: 341.43306pt x 146.2529pt.
 [7]
<./images/image07.pdf, id=1185, 659.83661pt x 282.639pt>
File: ./images/image07.pdf Graphic file (type pdf)

<use ./images/image07.pdf>
Package pdftex.def Info: ./images/image07.pdf used on input line 217.
(pdftex.def)             Requested size: 341.43306pt x 146.2529pt.

<./images/image08.pdf, id=1186, 768.3164pt x 263.60565pt>
File: ./images/image08.pdf Graphic file (type pdf)

<use ./images/image08.pdf>
Package pdftex.def Info: ./images/image08.pdf used on input line 224.
(pdftex.def)             Requested size: 398.33858pt x 136.66544pt.
 [8 <F:/Uczelnia/Sem 5/SK/sk_ultimate/images/image06.pdf> <F:/Uczelnia/Sem 5/SK
/sk_ultimate/images/image07.pdf

pdfTeX warning: pdflatex.exe (file F:/Uczelnia/Sem 5/SK/sk_ultimate/images/imag
e07.pdf): PDF inclusion: multiple pdfs with page group included in a single pag
e
> <F:/Uczelnia/Sem 5/SK/sk_ultimate/images/image08.pdf

pdfTeX warning: pdflatex.exe (file F:/Uczelnia/Sem 5/SK/sk_ultimate/images/imag
e08.pdf): PDF inclusion: multiple pdfs with page group included in a single pag
e
>] <./images/image09.pdf, id=1234, 768.3164pt x 263.60565pt>
File: ./images/image09.pdf Graphic file (type pdf)

<use ./images/image09.pdf>
Package pdftex.def Info: ./images/image09.pdf used on input line 229.
(pdftex.def)             Requested size: 398.33858pt x 136.66544pt.

Underfull \hbox (badness 10000) in paragraph at lines 228--230

 []


Underfull \hbox (badness 10000) in paragraph at lines 228--230

 []

<./images/image10.pdf, id=1235, 923.65309pt x 263.60565pt>
File: ./images/image10.pdf Graphic file (type pdf)

<use ./images/image10.pdf>
Package pdftex.def Info: ./images/image10.pdf used on input line 233.
(pdftex.def)             Requested size: 398.33858pt x 113.68608pt.

Underfull \hbox (badness 10000) in paragraph at lines 233--235

 []

<./images/image11.pdf, id=1236, 223.14069pt x 105.15729pt>
File: ./images/image11.pdf Graphic file (type pdf)

<use ./images/image11.pdf>
Package pdftex.def Info: ./images/image11.pdf used on input line 238.
(pdftex.def)             Requested size: 256.0748pt x 120.68442pt.

Underfull \vbox (badness 1939) has occurred while \output is active []

 [9 <F:/Uczelnia/Sem 5/SK/sk_ultimate/images/image09.pdf> <F:/Uczelnia/Sem 5/SK
/sk_ultimate/images/image10.pdf

pdfTeX warning: pdflatex.exe (file F:/Uczelnia/Sem 5/SK/sk_ultimate/images/imag
e10.pdf): PDF inclusion: multiple pdfs with page group included in a single pag
e
>] [10 <F:/Uczelnia/Sem 5/SK/sk_ultimate/images/image11.pdf>]

LaTeX Warning: `h' float specifier changed to `ht'.


Underfull \hbox (badness 10000) in paragraph at lines 306--307

 []

<./images/image12.pdf, id=1289, 352.33824pt x 247.6906pt>
File: ./images/image12.pdf Graphic file (type pdf)

<use ./images/image12.pdf>
Package pdftex.def Info: ./images/image12.pdf used on input line 316.
(pdftex.def)             Requested size: 284.52756pt x 200.03111pt.
 [11]
<./images/image13.jpg, id=1299, 336.2964pt x 159.9576pt>
File: ./images/image13.jpg Graphic file (type jpg)

<use ./images/image13.jpg>
Package pdftex.def Info: ./images/image13.jpg used on input line 339.
(pdftex.def)             Requested size: 284.52756pt x 135.33975pt.
 [12 <F:/Uczelnia/Sem 5/SK/sk_ultimate/images/image12.pdf>] <./images/image14.p
df, id=1320, 434.74187pt x 582.56226pt>
File: ./images/image14.pdf Graphic file (type pdf)

<use ./images/image14.pdf>
Package pdftex.def Info: ./images/image14.pdf used on input line 352.
(pdftex.def)             Requested size: 398.33858pt x 533.80371pt.

Underfull \vbox (badness 10000) has occurred while \output is active []

 [13 <F:/Uczelnia/Sem 5/SK/sk_ultimate/images/image13.jpg>]
<./images/image15.pdf, id=1326, 252.6103pt x 183.87532pt>
File: ./images/image15.pdf Graphic file (type pdf)

<use ./images/image15.pdf>
Package pdftex.def Info: ./images/image15.pdf used on input line 356.
(pdftex.def)             Requested size: 170.71652pt x 124.26479pt.

Underfull \vbox (badness 10000) has occurred while \output is active []

 [14 <F:/Uczelnia/Sem 5/SK/sk_ultimate/images/image14.pdf>]
<./images/image17.pdf, id=1346, 255.21991pt x 242.6702pt>
File: ./images/image17.pdf Graphic file (type pdf)

<use ./images/image17.pdf>
Package pdftex.def Info: ./images/image17.pdf used on input line 376.
(pdftex.def)             Requested size: 170.71652pt x 162.32156pt.

<./images/image18.pdf, id=1347, 246.11201pt x 206.66476pt>
File: ./images/image18.pdf Graphic file (type pdf)

<use ./images/image18.pdf>
Package pdftex.def Info: ./images/image18.pdf used on input line 378.
(pdftex.def)             Requested size: 170.71652pt x 143.35251pt.

Underfull \hbox (badness 10000) in paragraph at lines 376--379

 []

[15 <F:/Uczelnia/Sem 5/SK/sk_ultimate/images/image15.pdf> <F:/Uczelnia/Sem 5/SK
/sk_ultimate/images/image17.pdf

pdfTeX warning: pdflatex.exe (file F:/Uczelnia/Sem 5/SK/sk_ultimate/images/imag
e17.pdf): PDF inclusion: multiple pdfs with page group included in a single pag
e
>]
Underfull \hbox (badness 10000) in paragraph at lines 385--386

 []


Underfull \hbox (badness 10000) in paragraph at lines 390--391

 []

[16 <F:/Uczelnia/Sem 5/SK/sk_ultimate/images/image18.pdf>]
<./images/image19.pdf, id=1402, 395.97937pt x 268.75406pt>
File: ./images/image19.pdf Graphic file (type pdf)

<use ./images/image19.pdf>
Package pdftex.def Info: ./images/image19.pdf used on input line 441.
(pdftex.def)             Requested size: 284.52756pt x 193.11319pt.

Underfull \hbox (badness 10000) in paragraph at lines 441--443

 []


Underfull \hbox (badness 10000) in paragraph at lines 441--443

 []

[17 <F:/Uczelnia/Sem 5/SK/sk_ultimate/images/image19.pdf>]
<./images/image20.pdf, id=1436, 414.04688pt x 365.11406pt>
File: ./images/image20.pdf Graphic file (type pdf)

<use ./images/image20.pdf>
Package pdftex.def Info: ./images/image20.pdf used on input line 473.
(pdftex.def)             Requested size: 284.52756pt x 250.90944pt.

Underfull \hbox (badness 10000) in paragraph at lines 473--475

 []


Underfull \vbox (badness 2486) has occurred while \output is active []

 [18]
Underfull \hbox (badness 10000) in paragraph at lines 482--484

 []


Underfull \hbox (badness 10000) in paragraph at lines 482--484

 []


Underfull \hbox (badness 10000) in paragraph at lines 482--484

 []

[19 <F:/Uczelnia/Sem 5/SK/sk_ultimate/images/image20.pdf>]
<./images/image27.pdf, id=1475, 352.85368pt x 140.44238pt>
File: ./images/image27.pdf Graphic file (type pdf)

<use ./images/image27.pdf>
Package pdftex.def Info: ./images/image27.pdf used on input line 508.
(pdftex.def)             Requested size: 284.52756pt x 113.24982pt.

Underfull \hbox (badness 10000) in paragraph at lines 508--510

 []

<./images/image28.pdf, id=1476, 525.13156pt x 231.13405pt>
File: ./images/image28.pdf Graphic file (type pdf)

<use ./images/image28.pdf>
Package pdftex.def Info: ./images/image28.pdf used on input line 517.
(pdftex.def)             Requested size: 199.16928pt x 87.66255pt.
 [20 <F:/Uczelnia/Sem 5/SK/sk_ultimate/images/image27.pdf> <F:/Uczelnia/Sem 5/S
K/sk_ultimate/images/image28.pdf

pdfTeX warning: pdflatex.exe (file F:/Uczelnia/Sem 5/SK/sk_ultimate/images/imag
e28.pdf): PDF inclusion: multiple pdfs with page group included in a single pag
e
>]
Overfull \hbox (41.41087pt too wide) in paragraph at lines 531--542
 [][] 
 []

<./images/image21.pdf, id=1503, 395.97937pt x 251.43938pt>
File: ./images/image21.pdf Graphic file (type pdf)

<use ./images/image21.pdf>
Package pdftex.def Info: ./images/image21.pdf used on input line 557.
(pdftex.def)             Requested size: 284.52756pt x 180.67172pt.

Underfull \vbox (badness 4872) has occurred while \output is active []

 [21]
<./images/image22.pdf, id=1509, 555.23273pt x 160.80904pt>
File: ./images/image22.pdf Graphic file (type pdf)

<use ./images/image22.pdf>
Package pdftex.def Info: ./images/image22.pdf used on input line 560.
(pdftex.def)             Requested size: 284.52756pt x 82.40656pt.

Underfull \hbox (badness 10000) in paragraph at lines 559--563

 []


Overfull \hbox (63.73851pt too wide) in paragraph at lines 564--569
[] 
 []


Underfull \hbox (badness 10000) in paragraph at lines 570--573

 []

<./images/image23.pdf, id=1510, 347.48273pt x 210.39795pt>
File: ./images/image23.pdf Graphic file (type pdf)

<use ./images/image23.pdf>
Package pdftex.def Info: ./images/image23.pdf used on input line 576.
(pdftex.def)             Requested size: 284.52756pt x 172.28343pt.

<./images/image24.pdf, id=1511, 344.27216pt x 153.52306pt>
File: ./images/image24.pdf Graphic file (type pdf)

<use ./images/image24.pdf>
Package pdftex.def Info: ./images/image24.pdf used on input line 577.
(pdftex.def)             Requested size: 341.43306pt x 152.2647pt.

Underfull \hbox (badness 10000) in paragraph at lines 575--582

 []


Underfull \hbox (badness 10000) in paragraph at lines 575--582

 []


Underfull \vbox (badness 10000) has occurred while \output is active []

 [22 <F:/Uczelnia/Sem 5/SK/sk_ultimate/images/image21.pdf> <F:/Uczelnia/Sem 5/S
K/sk_ultimate/images/image22.pdf

pdfTeX warning: pdflatex.exe (file F:/Uczelnia/Sem 5/SK/sk_ultimate/images/imag
e22.pdf): PDF inclusion: multiple pdfs with page group included in a single pag
e
>] [23 <F:/Uczelnia/Sem 5/SK/sk_ultimate/images/image23.pdf> <F:/Uczelnia/Sem 5
/SK/sk_ultimate/images/image24.pdf

pdfTeX warning: pdflatex.exe (file F:/Uczelnia/Sem 5/SK/sk_ultimate/images/imag
e24.pdf): PDF inclusion: multiple pdfs with page group included in a single pag
e
>] <./images/image25.pdf, id=1575, 436.4557pt x 90.84573pt>
File: ./images/image25.pdf Graphic file (type pdf)

<use ./images/image25.pdf>
Package pdftex.def Info: ./images/image25.pdf used on input line 615.
(pdftex.def)             Requested size: 312.9803pt x 65.14687pt.

<./images/image26.pdf, id=1576, 238.02711pt x 87.7488pt>
File: ./images/image26.pdf Graphic file (type pdf)

<use ./images/image26.pdf>
Package pdftex.def Info: ./images/image26.pdf used on input line 634.
(pdftex.def)             Requested size: 284.52756pt x 104.90167pt.
 [24 <F:/Uczelnia/Sem 5/SK/sk_ultimate/images/image25.pdf>] <./images/image29.p
df, id=1598, 87.74496pt x 57.63246pt>
File: ./images/image29.pdf Graphic file (type pdf)

<use ./images/image29.pdf>
Package pdftex.def Info: ./images/image29.pdf used on input line 666.
(pdftex.def)             Requested size: 199.16928pt x 130.83261pt.
 [25 <F:/Uczelnia/Sem 5/SK/sk_ultimate/images/image26.pdf>] <./images/image30.p
df, id=1624, 251.3676pt x 256.67287pt>
File: ./images/image30.pdf Graphic file (type pdf)

<use ./images/image30.pdf>
Package pdftex.def Info: ./images/image30.pdf used on input line 673.
(pdftex.def)             Requested size: 199.16928pt x 203.3764pt.

<./images/image31.pdf, id=1625, 250.95076pt x 102.11554pt>
File: ./images/image31.pdf Graphic file (type pdf)

<use ./images/image31.pdf>
Package pdftex.def Info: ./images/image31.pdf used on input line 678.
(pdftex.def)             Requested size: 199.16928pt x 81.04745pt.

Underfull \hbox (badness 10000) in paragraph at lines 677--679

 []

[26 <F:/Uczelnia/Sem 5/SK/sk_ultimate/images/image29.pdf> <F:/Uczelnia/Sem 5/SK
/sk_ultimate/images/image30.pdf

pdfTeX warning: pdflatex.exe (file F:/Uczelnia/Sem 5/SK/sk_ultimate/images/imag
e30.pdf): PDF inclusion: multiple pdfs with page group included in a single pag
e
> <F:/Uczelnia/Sem 5/SK/sk_ultimate/images/image31.pdf

pdfTeX warning: pdflatex.exe (file F:/Uczelnia/Sem 5/SK/sk_ultimate/images/imag
e31.pdf): PDF inclusion: multiple pdfs with page group included in a single pag
e
>] [27] <./images/image32.pdf, id=1647, 92.12425pt x 89.83263pt>
File: ./images/image32.pdf Graphic file (type pdf)

<use ./images/image32.pdf>
Package pdftex.def Info: ./images/image32.pdf used on input line 764.
(pdftex.def)             Requested size: 113.81102pt x 110.98692pt.

Underfull \hbox (badness 10000) in paragraph at lines 764--767

 []

[28 <F:/Uczelnia/Sem 5/SK/sk_ultimate/images/image32.pdf>]
LaTeX Font Info:    Calculating math sizes for size <6.99997> on input line 770
.
LaTeX Font Info:    External font `plex10' loaded for size
(Font)              <6.99997> on input line 770.
LaTeX Font Info:    External font `plex10' loaded for size
(Font)              <4.89995> on input line 770.
LaTeX Font Info:    External font `plex10' loaded for size
(Font)              <3.49998> on input line 770.

<./images/image33.pdf, id=1660, 238.02711pt x 45.33487pt>
File: ./images/image33.pdf Graphic file (type pdf)

<use ./images/image33.pdf>
Package pdftex.def Info: ./images/image33.pdf used on input line 772.
(pdftex.def)             Requested size: 199.16928pt x 37.93504pt.

<./images/image34.pdf, id=1661, 92.092pt x 120.09358pt>
File: ./images/image34.pdf Graphic file (type pdf)

<use ./images/image34.pdf>
Package pdftex.def Info: ./images/image34.pdf used on input line 782.
(pdftex.def)             Requested size: 199.16928pt x 259.76657pt.

Underfull \vbox (badness 10000) has occurred while \output is active []

 [29 <F:/Uczelnia/Sem 5/SK/sk_ultimate/images/image33.pdf> <F:/Uczelnia/Sem 5/S
K/sk_ultimate/images/image34.pdf

pdfTeX warning: pdflatex.exe (file F:/Uczelnia/Sem 5/SK/sk_ultimate/images/imag
e34.pdf): PDF inclusion: multiple pdfs with page group included in a single pag
e
>] [30] <./images/image35.pdf, id=1694, 439.35912pt x 333.27238pt>
File: ./images/image35.pdf Graphic file (type pdf)

<use ./images/image35.pdf>
Package pdftex.def Info: ./images/image35.pdf used on input line 838.
(pdftex.def)             Requested size: 227.62204pt x 172.66188pt.

Underfull \hbox (badness 10000) in paragraph at lines 837--839

 []

[31 <F:/Uczelnia/Sem 5/SK/sk_ultimate/images/image35.pdf>] [32]
<./images/image38.pdf, id=1725, 384.97473pt x 249.04558pt>
File: ./images/image38.pdf Graphic file (type pdf)

<use ./images/image38.pdf>
Package pdftex.def Info: ./images/image38.pdf used on input line 887.
(pdftex.def)             Requested size: 213.39566pt x 138.0471pt.

Underfull \hbox (badness 10000) in paragraph at lines 890--908

 []


Underfull \hbox (badness 10000) in paragraph at lines 890--908

 []

LaTeX Font Info:    Try loading font information for OML+cmr on input line 914.

("C:\Program Files\MiKTeX 2.9\tex\latex\base\omlcmr.fd"
File: omlcmr.fd 1999/05/25 v2.5h Standard LaTeX font definitions
)
LaTeX Font Info:    Font shape `OML/cmr/m/n' in size <10> not available
(Font)              Font shape `OML/cmm/m/it' tried instead on input line 914.

Underfull \vbox (badness 4279) has occurred while \output is active []

 [33 <F:/Uczelnia/Sem 5/SK/sk_ultimate/images/image38.pdf>]
<./images/image37.pdf, id=1738, 384.97473pt x 249.04558pt>
File: ./images/image37.pdf Graphic file (type pdf)

<use ./images/image37.pdf>
Package pdftex.def Info: ./images/image37.pdf used on input line 928.
(pdftex.def)             Requested size: 184.9429pt x 119.64311pt.

<./images/image40.pdf, id=1739, 222.2195pt x 192.69582pt>
File: ./images/image40.pdf Graphic file (type pdf)

<use ./images/image40.pdf>
Package pdftex.def Info: ./images/image40.pdf used on input line 948.
(pdftex.def)             Requested size: 99.58464pt x 86.35359pt.
 [34 <F:/Uczelnia/Sem 5/SK/sk_ultimate/images/image37.pdf>]
Underfull \hbox (badness 10000) in paragraph at lines 956--969

 []


Underfull \hbox (badness 10000) in paragraph at lines 969--985

 []

<./images/image42.pdf, id=1753, 222.85083pt x 154.06787pt>
File: ./images/image42.pdf Graphic file (type pdf)

<use ./images/image42.pdf>
Package pdftex.def Info: ./images/image42.pdf used on input line 993.
(pdftex.def)             Requested size: 199.16928pt x 137.69829pt.
 [35 <F:/Uczelnia/Sem 5/SK/sk_ultimate/images/image40.pdf>] <./images/image43.p
df, id=1767, 222.85083pt x 178.42911pt>
File: ./images/image43.pdf Graphic file (type pdf)

<use ./images/image43.pdf>
Package pdftex.def Info: ./images/image43.pdf used on input line 995.
(pdftex.def)             Requested size: 199.16928pt x 159.47115pt.

<./images/image44.pdf, id=1768, 103.51987pt x 139.03241pt>
File: ./images/image44.pdf Graphic file (type pdf)

<use ./images/image44.pdf>
Package pdftex.def Info: ./images/image44.pdf used on input line 1002.
(pdftex.def)             Requested size: 85.35826pt x 114.64374pt.
 [36 <F:/Uczelnia/Sem 5/SK/sk_ultimate/images/image42.pdf> <F:/Uczelnia/Sem 5/S
K/sk_ultimate/images/image43.pdf

pdfTeX warning: pdflatex.exe (file F:/Uczelnia/Sem 5/SK/sk_ultimate/images/imag
e43.pdf): PDF inclusion: multiple pdfs with page group included in a single pag
e
> <F:/Uczelnia/Sem 5/SK/sk_ultimate/images/image44.pdf

pdfTeX warning: pdflatex.exe (file F:/Uczelnia/Sem 5/SK/sk_ultimate/images/imag
e44.pdf): PDF inclusion: multiple pdfs with page group included in a single pag
e
>] <./images/image45.pdf, id=1809, 361.2491pt x 155.0965pt>
File: ./images/image45.pdf Graphic file (type pdf)

<use ./images/image45.pdf>
Package pdftex.def Info: ./images/image45.pdf used on input line 1025.
(pdftex.def)             Requested size: 199.16928pt x 85.51158pt.

<./images/image46.pdf, id=1810, 360.50021pt x 292.76898pt>
File: ./images/image46.pdf Graphic file (type pdf)

<use ./images/image46.pdf>
Package pdftex.def Info: ./images/image46.pdf used on input line 1044.
(pdftex.def)             Requested size: 199.16928pt x 161.75159pt.

<./images/image47.pdf, id=1811, 360.50021pt x 303.52196pt>
File: ./images/image47.pdf Graphic file (type pdf)

<use ./images/image47.pdf>
Package pdftex.def Info: ./images/image47.pdf used on input line 1048.
(pdftex.def)             Requested size: 199.16928pt x 167.69249pt.
 [37 <F:/Uczelnia/Sem 5/SK/sk_ultimate/images/image45.pdf> <F:/Uczelnia/Sem 5/S
K/sk_ultimate/images/image46.pdf

pdfTeX warning: pdflatex.exe (file F:/Uczelnia/Sem 5/SK/sk_ultimate/images/imag
e46.pdf): PDF inclusion: multiple pdfs with page group included in a single pag
e
>] [38 <F:/Uczelnia/Sem 5/SK/sk_ultimate/images/image47.pdf>]

Package hyperref Warning: Difference (2) between bookmark levels is greater 
(hyperref)                than one, level fixed on input line 1083.


Package hyperref Warning: Difference (2) between bookmark levels is greater 
(hyperref)                than one, level fixed on input line 1085.

[39]
Underfull \hbox (badness 10000) in paragraph at lines 1188--1202

 []

[40]
Underfull \hbox (badness 10000) in paragraph at lines 1204--1205

 []


Underfull \hbox (badness 10000) in paragraph at lines 1242--1244

 []

[41]
Underfull \hbox (badness 10000) in paragraph at lines 1257--1259

 []

[42] <./images/drawing10.pdf, id=1871, 506.3976pt x 495.16037pt>
File: ./images/drawing10.pdf Graphic file (type pdf)

<use ./images/drawing10.pdf>
Package pdftex.def Info: ./images/drawing10.pdf used on input line 1300.
(pdftex.def)             Requested size: 256.0748pt x 250.39778pt.
 [43 <F:/Uczelnia/Sem 5/SK/sk_ultimate/images/drawing10.pdf>]
Underfull \hbox (badness 1496) in paragraph at lines 1381--1382
\OT4/cmr/m/n/10 gned Da-ta; pkcs7-mime enve-lo-ped Da-ta; pkcs7-
 []

[44] <./images/drawing11.pdf, id=1902, 382.9598pt x 236.86098pt>
File: ./images/drawing11.pdf Graphic file (type pdf)

<use ./images/drawing11.pdf>
Package pdftex.def Info: ./images/drawing11.pdf used on input line 1401.
(pdftex.def)             Requested size: 256.0748pt x 158.38882pt.
)
("F:\Uczelnia\Sem 5\SK\sk_ultimate\tex\sk_zadania.tex" [45 <F:/Uczelnia/Sem 5/S
K/sk_ultimate/images/drawing11.pdf>]
<./images/zadanie02.pdf, id=1922, 548.29463pt x 252.142pt>
File: ./images/zadanie02.pdf Graphic file (type pdf)

<use ./images/zadanie02.pdf>
Package pdftex.def Info: ./images/zadanie02.pdf used on input line 17.
(pdftex.def)             Requested size: 156.49014pt x 71.96509pt.

Underfull \hbox (badness 10000) in paragraph at lines 19--20

 []


Underfull \hbox (badness 10000) in paragraph at lines 19--20

 []


Underfull \hbox (badness 10000) in paragraph at lines 19--20

 []


Underfull \hbox (badness 10000) in paragraph at lines 19--20

 []

<./images/zadanie03.pdf, id=1923, 1251.92119pt x 949.46841pt>
File: ./images/zadanie03.pdf Graphic file (type pdf)

<use ./images/zadanie03.pdf>
Package pdftex.def Info: ./images/zadanie03.pdf used on input line 21.
(pdftex.def)             Requested size: 455.24408pt x 345.25644pt.

Overfull \hbox (2.27626pt too wide) in paragraph at lines 21--23
[] 
 []

[46 <F:/Uczelnia/Sem 5/SK/sk_ultimate/images/zadanie02.pdf> <F:/Uczelnia/Sem 5/
SK/sk_ultimate/images/zadanie03.pdf

pdfTeX warning: pdflatex.exe (file F:/Uczelnia/Sem 5/SK/sk_ultimate/images/zada
nie03.pdf): PDF inclusion: multiple pdfs with page group included in a single p
age
>] <./images/zadanie04.pdf, id=1951, 364.15855pt x 337.39049pt>
File: ./images/zadanie04.pdf Graphic file (type pdf)

<use ./images/zadanie04.pdf>
Package pdftex.def Info: ./images/zadanie04.pdf used on input line 36.
(pdftex.def)             Requested size: 142.26378pt x 131.80313pt.

Underfull \hbox (badness 10000) in paragraph at lines 36--58

 []


Underfull \hbox (badness 10000) in paragraph at lines 36--58

 []

[47 <F:/Uczelnia/Sem 5/SK/sk_ultimate/images/zadanie04.pdf>] [48]
Overfull \hbox (18.81924pt too wide) in paragraph at lines 113--116
\OT4/cmr/m/it/10 z prze-dzia-u \OT4/cmr/bx/it/10 o wiel-ko-ci ro-sn-cej z kw
a-dra-tem do pew-ne-go nu-me-ru ko-li-zji, $[]$ 
 []

[49]
Underfull \hbox (badness 10000) in paragraph at lines 152--163

 []


Underfull \hbox (badness 10000) in paragraph at lines 152--163

 []

[50] [51]
LaTeX Font Info:    External font `plex10' loaded for size
(Font)              <9> on input line 218.

Underfull \hbox (badness 10000) in paragraph at lines 224--237

 []


Overfull \hbox (33.07394pt too wide) in paragraph at lines 241--253
[] 
 []

[52] <./images/zadanie05.pdf, id=2012, 703.32059pt x 679.90915pt>
File: ./images/zadanie05.pdf Graphic file (type pdf)

<use ./images/zadanie05.pdf>
Package pdftex.def Info: ./images/zadanie05.pdf used on input line 272.
(pdftex.def)             Requested size: 227.62204pt x 220.04451pt.

<./images/zadanie06.pdf, id=2013, 703.32059pt x 679.90915pt>
File: ./images/zadanie06.pdf Graphic file (type pdf)

<use ./images/zadanie06.pdf>
Package pdftex.def Info: ./images/zadanie06.pdf used on input line 273.
(pdftex.def)             Requested size: 227.62204pt x 220.04451pt.

Overfull \hbox (4.49847pt too wide) in paragraph at lines 271--289
[] [] 
 []


Underfull \hbox (badness 10000) in paragraph at lines 271--289

 []


Underfull \hbox (badness 10000) in paragraph at lines 291--302

 []

[53 <F:/Uczelnia/Sem 5/SK/sk_ultimate/images/zadanie05.pdf> <F:/Uczelnia/Sem 5/
SK/sk_ultimate/images/zadanie06.pdf

pdfTeX warning: pdflatex.exe (file F:/Uczelnia/Sem 5/SK/sk_ultimate/images/zada
nie06.pdf): PDF inclusion: multiple pdfs with page group included in a single p
age
>]
Underfull \hbox (badness 1668) in paragraph at lines 322--324
[]\OT4/cmr/m/n/9 W tym wszyst-kim in-te-re-su-j nas tyl-ko dro-gi lo-kal-nie n
aj-bli-sze
 []


Underfull \hbox (badness 1303) in paragraph at lines 322--324
\OT4/cmr/m/n/9 - te z punk-tu wi-dze-nia w-za K i "ofert" drg s-sia-dw. Je
-li
 []


Underfull \hbox (badness 1142) in paragraph at lines 322--324
\OT4/cmr/m/n/9 dwie dro-gi ma-j ten sam koszt to wy-br po-wi-nien by obo-jt
-
 []


Underfull \hbox (badness 10000) in paragraph at lines 322--324

 []


Underfull \hbox (badness 10000) in paragraph at lines 322--324

 []


Underfull \hbox (badness 10000) in paragraph at lines 322--324

 []


Underfull \hbox (badness 10000) in paragraph at lines 322--324

 []


Underfull \hbox (badness 10000) in paragraph at lines 322--324

 []


Underfull \hbox (badness 10000) in paragraph at lines 322--324

 []


Underfull \hbox (badness 10000) in paragraph at lines 322--324

 []


Underfull \hbox (badness 10000) in paragraph at lines 322--324

 []


Underfull \hbox (badness 10000) in paragraph at lines 322--324

 []


Underfull \hbox (badness 10000) in paragraph at lines 322--324

 []


Underfull \hbox (badness 10000) in paragraph at lines 322--324

 []


Underfull \hbox (badness 10000) in paragraph at lines 322--324

 []

[54] <./images/zadanie07.pdf, id=2041, 275.0627pt x 171.89935pt>
File: ./images/zadanie07.pdf Graphic file (type pdf)

<use ./images/zadanie07.pdf>
Package pdftex.def Info: ./images/zadanie07.pdf used on input line 358.
(pdftex.def)             Requested size: 170.71652pt x 106.6919pt.

Underfull \hbox (badness 10000) in paragraph at lines 357--360

 []


LaTeX Warning: Command \l invalid in math mode on input line 363.

Missing character: There is no  in font plmi9!
[55 <F:/Uczelnia/Sem 5/SK/sk_ultimate/images/zadanie07.pdf>]

LaTeX Warning: Command \l invalid in math mode on input line 365.

Missing character: There is no  in font plmi9!

Overfull \hbox (23.38982pt too wide) detected at line 365
\OML/plm/m/it/9 GBN \OT4/cmr/m/n/9 = []
 []


Underfull \hbox (badness 10000) in paragraph at lines 368--369

 []

<./images/zadanie08.pdf, id=2069, 1370.33171pt x 171.89935pt>
File: ./images/zadanie08.pdf Graphic file (type pdf)

<use ./images/zadanie08.pdf>
Package pdftex.def Info: ./images/zadanie08.pdf used on input line 383.
(pdftex.def)             Requested size: 455.24408pt x 57.10728pt.

Underfull \hbox (badness 10000) in paragraph at lines 382--387

 []


Overfull \hbox (2.27626pt too wide) in paragraph at lines 382--387
[] 
 []


Underfull \hbox (badness 10000) in paragraph at lines 382--387

 []

[56 <F:/Uczelnia/Sem 5/SK/sk_ultimate/images/zadanie08.pdf>]
<./images/zadanie14.pdf, id=2091, 743.22841pt x 317.70605pt>
File: ./images/zadanie14.pdf Graphic file (type pdf)

<use ./images/zadanie14.pdf>
Package pdftex.def Info: ./images/zadanie14.pdf used on input line 404.
(pdftex.def)             Requested size: 256.0748pt x 109.46327pt.
 [57 <F:/Uczelnia/Sem 5/SK/sk_ultimate/images/zadanie14.pdf>]
Underfull \hbox (badness 10000) in paragraph at lines 416--418

 []

<./images/zadanie15.pdf, id=2109, 274.93315pt x 192.17697pt>
File: ./images/zadanie15.pdf Graphic file (type pdf)

<use ./images/zadanie15.pdf>
Package pdftex.def Info: ./images/zadanie15.pdf used on input line 421.
(pdftex.def)             Requested size: 227.62204pt x 159.11095pt.
 [58 <F:/Uczelnia/Sem 5/SK/sk_ultimate/images/zadanie15.pdf>] <./images/zadanie
09.pdf, id=2128, 483.41737pt x 610.58693pt>
File: ./images/zadanie09.pdf Graphic file (type pdf)

<use ./images/zadanie09.pdf>
Package pdftex.def Info: ./images/zadanie09.pdf used on input line 438.
(pdftex.def)             Requested size: 256.0748pt x 323.44182pt.

Underfull \hbox (badness 10000) in paragraph at lines 440--441

 []

[59 <F:/Uczelnia/Sem 5/SK/sk_ultimate/images/zadanie09.pdf>]
Underfull \hbox (badness 10000) in paragraph at lines 450--451

 []

<./images/zadanie10.pdf, id=2148, 483.41737pt x 487.2917pt>
File: ./images/zadanie10.pdf Graphic file (type pdf)

<use ./images/zadanie10.pdf>
Package pdftex.def Info: ./images/zadanie10.pdf used on input line 453.
(pdftex.def)             Requested size: 227.62204pt x 229.45094pt.
 [60 <F:/Uczelnia/Sem 5/SK/sk_ultimate/images/zadanie10.pdf>]
Underfull \hbox (badness 10000) in paragraph at lines 462--465

 []


Underfull \hbox (badness 10000) in paragraph at lines 462--465

 []

<./images/zadanie12.pdf, id=2161, 486.7569pt x 586.4848pt>
File: ./images/zadanie12.pdf Graphic file (type pdf)

<use ./images/zadanie12.pdf>
Package pdftex.def Info: ./images/zadanie12.pdf used on input line 466.
(pdftex.def)             Requested size: 227.62204pt x 274.26079pt.
 [61 <F:/Uczelnia/Sem 5/SK/sk_ultimate/images/zadanie12.pdf>] <./images/zadanie
13.pdf, id=2175, 1066.49529pt x 294.42554pt>
File: ./images/zadanie13.pdf Graphic file (type pdf)

<use ./images/zadanie13.pdf>
Package pdftex.def Info: ./images/zadanie13.pdf used on input line 477.
(pdftex.def)             Requested size: 455.24408pt x 125.67952pt.

Overfull \hbox (2.27626pt too wide) in paragraph at lines 477--478
 [] 
 []

[62 <F:/Uczelnia/Sem 5/SK/sk_ultimate/images/zadanie13.pdf>]
<./images/zadanie01.pdf, id=2211, 539.05211pt x 381.49797pt>
File: ./images/zadanie01.pdf Graphic file (type pdf)

<use ./images/zadanie01.pdf>
Package pdftex.def Info: ./images/zadanie01.pdf used on input line 499.
(pdftex.def)             Requested size: 170.71652pt x 120.81863pt.

Underfull \hbox (badness 10000) in paragraph at lines 499--500

 []

[63 <F:/Uczelnia/Sem 5/SK/sk_ultimate/images/zadanie01.pdf>] [64] [65])
("F:\Uczelnia\Sem 5\SK\sk_ultimate\tex\sk_slownik.tex" [66] [67] [68] [69])
Package atveryend Info: Empty hook `BeforeClearDocument' on input line 72.

[70]
Package atveryend Info: Empty hook `AfterLastShipout' on input line 72.
 ("F:\Uczelnia\Sem 5\SK\sk_ultimate\sk_ultimate.aux")
Package atveryend Info: Executing hook `AtVeryEndDocument' on input line 72.
Package atveryend Info: Executing hook `AtEndAfterFileList' on input line 72.
Package rerunfilecheck Info: File `sk_ultimate.out' has not changed.
(rerunfilecheck)             Checksum: 3F188C6132B822C033EE56826221BACE;40947.
Package atveryend Info: Empty hook `AtVeryVeryEnd' on input line 72.
 ) 
Here is how much of TeX's memory you used:
 20193 strings out of 493921
 333187 string characters out of 3147285
 398185 words of memory out of 3000000
 22608 multiletter control sequences out of 15000+200000
 29935 words of font info for 78 fonts, out of 3000000 for 9000
 841 hyphenation exceptions out of 8191
 68i,13n,98p,10443b,512s stack positions out of 5000i,500n,10000p,200000b,50000s
 <C:\Users\Mati\AppData\Local\MiKTeX\2.9\fonts\pk\ljfour\jknappen\ec\dpi600\t
crm0900.pk>{C:/Program Files/MiKTeX 2.9/fonts/enc/dvips/pl/plmi.enc}{C:/Program
 Files/MiKTeX 2.9/fonts/enc/dvips/pl/plms.enc}{C:/Program Files/MiKTeX 2.9/font
s/enc/dvips/pl/plrm.enc}{C:/Program Files/MiKTeX 2.9/fonts/enc/dvips/pl/plit.en
c}{C:/Program Files/MiKTeX 2.9/fonts/enc/dvips/pl/plsc.enc}{C:/Program Files/Mi
KTeX 2.9/fonts/enc/dvips/pl/plme.enc} <C:\Users\Mati\AppData\Local\MiKTeX\2.9\f
onts\pk\ljfour\jknappen\ec\dpi600\tcrm1000.pk><C:/Program Files/MiKTeX 2.9/font
s/type1/public/amsfonts/cm/cmmi10.pfb><C:/Program Files/MiKTeX 2.9/fonts/type1/
public/pl/plbx10.pfb><C:/Program Files/MiKTeX 2.9/fonts/type1/public/pl/plbx12.
pfb><C:/Program Files/MiKTeX 2.9/fonts/type1/public/pl/plbx9.pfb><C:/Program Fi
les/MiKTeX 2.9/fonts/type1/public/pl/plbxti10.pfb><C:/Program Files/MiKTeX 2.9/
fonts/type1/public/pl/plex10.pfb><C:/Program Files/MiKTeX 2.9/fonts/type1/publi
c/pl/plmi10.pfb><C:/Program Files/MiKTeX 2.9/fonts/type1/public/pl/plmi5.pfb><C
:/Program Files/MiKTeX 2.9/fonts/type1/public/pl/plmi6.pfb><C:/Program Files/Mi
KTeX 2.9/fonts/type1/public/pl/plmi7.pfb><C:/Program Files/MiKTeX 2.9/fonts/typ
e1/public/pl/plmi9.pfb><C:/Program Files/MiKTeX 2.9/fonts/type1/public/pl/plr10
.pfb><C:/Program Files/MiKTeX 2.9/fonts/type1/public/pl/plr12.pfb><C:/Program F
iles/MiKTeX 2.9/fonts/type1/public/pl/plr17.pfb><C:/Program Files/MiKTeX 2.9/fo
nts/type1/public/pl/plr5.pfb><C:/Program Files/MiKTeX 2.9/fonts/type1/public/pl
/plr6.pfb><C:/Program Files/MiKTeX 2.9/fonts/type1/public/pl/plr7.pfb><C:/Progr
am Files/MiKTeX 2.9/fonts/type1/public/pl/plr9.pfb><C:/Program Files/MiKTeX 2.9
/fonts/type1/public/pl/plsy10.pfb><C:/Program Files/MiKTeX 2.9/fonts/type1/publ
ic/pl/plsy6.pfb><C:/Program Files/MiKTeX 2.9/fonts/type1/public/pl/plsy7.pfb><C
:/Program Files/MiKTeX 2.9/fonts/type1/public/pl/plsy9.pfb><C:/Program Files/Mi
KTeX 2.9/fonts/type1/public/pl/plti10.pfb><C:/Program Files/MiKTeX 2.9/fonts/ty
pe1/public/pl/plti9.pfb>
Output written on sk_ultimate.pdf (70 pages, 5488829 bytes).
PDF statistics:
 2615 PDF objects out of 2984 (max. 8388607)
 599 named destinations out of 1000 (max. 500000)
 2560 words of extra memory for PDF output out of 10000 (max. 10000000)

